TN:
SF:/Users/Teme/Documents/GitHub/jayhorn-benchmarks/Main.java
FN:20,Main_randomSequenceOfActions_int
#FN:53
FN:10,Main_main_String[]
#FN:12
FN:14,Main_getBoolean
#FN:17
FNDA:1,Main_main_String[]
FNDA:187,Main_getBoolean
FNDA:1,Main_randomSequenceOfActions_int
DA:8,1
DA:10,1
DA:11,4
DA:14,187
DA:15,561
DA:16,561
DA:20,1
DA:21,4
DA:23,1
DA:24,58
DA:25,33
DA:27,224
DA:28,320
DA:29,544
DA:30,72
DA:31,144
DA:33,72
DA:34,64
DA:37,64
DA:38,64
DA:41,64
DA:42,64
DA:43,64
DA:44,64
DA:47,120
DA:50,232
DA:51,84
end_of_record
TN:
SF:/Users/Teme/Documents/GitHub/jayhorn-benchmarks/Environment.java
FN:15,MinePumpSystem.Environment_lowerWaterLevel
#FN:24
FN:60,MinePumpSystem.Environment_getWaterLevel
#FN:62
FN:53,MinePumpSystem.Environment_toString
#FN:56
FN:28,MinePumpSystem.Environment_waterRise
#FN:37
FN:69,MinePumpSystem.Environment_isHighWaterSensorDry
#FN:71
FN:47,MinePumpSystem.Environment_isMethaneLevelCritical
#FN:49
FN:41,MinePumpSystem.Environment_changeMethaneLevel
#FN:43
FN:65,MinePumpSystem.Environment_isLowWaterSensorDry
#FN:67
FNDA:86,MinePumpSystem.Environment_isHighWaterSensorDry
FNDA:256,MinePumpSystem.Environment_isMethaneLevelCritical
FNDA:100,MinePumpSystem.Environment_isLowWaterSensorDry
FNDA:32,MinePumpSystem.Environment_changeMethaneLevel
FNDA:22,MinePumpSystem.Environment_lowerWaterLevel
FNDA:36,MinePumpSystem.Environment_waterRise
DA:65,100
DA:66,100
DA:69,86
DA:70,86
DA:7,1
DA:11,1
DA:15,22
DA:16,22
DA:17,22
DA:18,22
DA:19,22
DA:20,0
DA:21,0
DA:22,0
DA:28,36
DA:29,36
DA:30,36
DA:31,0
DA:32,0
DA:33,36
DA:34,20
DA:35,20
DA:41,32
DA:42,64
DA:47,256
DA:48,256
DA:53,0
DA:55,0
DA:60,0
DA:61,0
end_of_record
TN:
SF:/Users/Teme/Documents/GitHub/jayhorn-benchmarks/MinePump.java
FN:133,MinePumpSystem.MinePump_startSystem
#FN:135
FN:138,MinePumpSystem.MinePump_isSystemActive
#FN:140
FN:98,MinePumpSystem.MinePump_isMethaneAlarm
#FN:100
FN:27,MinePumpSystem.MinePump_timeShift
#FN:32
FN:87,MinePumpSystem.MinePump_isPumpRunning
#FN:89
FN:42,MinePumpSystem.MinePump_processEnvironment__wrappee__highWaterSensor
#FN:49
FN:62,MinePumpSystem.MinePump_processEnvironment
#FN:68
FN:104,MinePumpSystem.MinePump_toString
#FN:107
FN:111,MinePumpSystem.MinePump_getEnv
#FN:113
FN:20,MinePumpSystem.MinePump_MinePump_MinePumpSystem.Environment
#FN:23
FN:128,MinePumpSystem.MinePump_stopSystem
#FN:130
FN:77,MinePumpSystem.MinePump_activatePump
#FN:83
FN:123,MinePumpSystem.MinePump_isLowWaterLevel
#FN:125
FN:35,MinePumpSystem.MinePump_processEnvironment__wrappee__base
#FN:37
FN:117,MinePumpSystem.MinePump_isHighWaterLevel
#FN:119
FN:92,MinePumpSystem.MinePump_deactivatePump
#FN:94
FN:53,MinePumpSystem.MinePump_processEnvironment__wrappee__methaneQuery
#FN:59
FN:72,MinePumpSystem.MinePump_activatePump__wrappee__lowWaterSensor
#FN:74
FNDA:40,MinePumpSystem.MinePump_activatePump
FNDA:108,MinePumpSystem.MinePump_isPumpRunning
FNDA:86,MinePumpSystem.MinePump_processEnvironment__wrappee__base
FNDA:86,MinePumpSystem.MinePump_processEnvironment__wrappee__highWaterSensor
FNDA:100,MinePumpSystem.MinePump_isLowWaterLevel
FNDA:100,MinePumpSystem.MinePump_processEnvironment__wrappee__methaneQuery
FNDA:148,MinePumpSystem.MinePump_isMethaneAlarm
FNDA:22,MinePumpSystem.MinePump_deactivatePump
FNDA:108,MinePumpSystem.MinePump_processEnvironment
FNDA:108,MinePumpSystem.MinePump_getEnv
FNDA:108,MinePumpSystem.MinePump_timeShift
FNDA:32,MinePumpSystem.MinePump_stopSystem
FNDA:14,MinePumpSystem.MinePump_activatePump__wrappee__lowWaterSensor
FNDA:1,MinePumpSystem.MinePump_MinePump_MinePumpSystem.Environment
FNDA:172,MinePumpSystem.MinePump_isSystemActive
FNDA:86,MinePumpSystem.MinePump_isHighWaterLevel
DA:64,16
DA:128,32
DA:66,200
DA:133,0
DA:8,1
DA:72,14
DA:73,14
DA:138,172
DA:139,172
DA:12,1
DA:77,40
DA:78,160
DA:79,28
DA:16,1
DA:20,2
DA:21,1
DA:22,1
DA:87,108
DA:88,108
DA:27,108
DA:28,108
DA:92,22
DA:29,44
DA:93,22
DA:30,108
DA:31,216
DA:98,148
DA:99,592
DA:35,86
DA:104,0
DA:106,0
DA:42,86
DA:43,430
DA:44,80
DA:45,80
DA:47,92
DA:111,108
DA:112,108
DA:53,100
DA:117,86
DA:118,344
DA:54,414
DA:55,28
DA:57,172
DA:123,100
DA:124,400
DA:62,108
DA:63,454
end_of_record
TN:
SF:/Users/Teme/Documents/GitHub/jayhorn-benchmarks/Actions.java
FN:30,Actions_stopSystem
#FN:33
FN:50,Actions_getSystemState
#FN:52
FN:14,Actions_Actions
#FN:17
FN:21,Actions_waterRise
#FN:23
FN:55,Actions_Specification1
#FN:65
FN:26,Actions_methaneChange
#FN:28
FN:36,Actions_startSystem
#FN:39
FN:41,Actions_timeShift
#FN:48
FNDA:32,Actions_stopSystem
FNDA:32,Actions_startSystem
FNDA:108,Actions_timeShift
FNDA:36,Actions_waterRise
FNDA:108,Actions_Specification1
FNDA:32,Actions_methaneChange
FNDA:1,Actions_Actions
DA:7,1
DA:8,1
DA:10,1
DA:11,1
DA:14,2
DA:15,2
DA:16,2
DA:21,36
DA:22,72
DA:26,32
DA:27,64
DA:30,32
DA:31,128
DA:32,64
DA:36,32
DA:37,128
DA:38,0
DA:41,108
DA:43,216
DA:45,432
DA:46,216
DA:50,0
DA:51,0
DA:55,108
DA:57,432
DA:59,648
DA:60,648
DA:62,164
DA:63,0
end_of_record
