TN:
SF:/Users/Teme/Documents/GitHub/jayhorn-benchmarks/Main.java
FN:10,Main_main_String[]
#FN:12
FN:20,Main_randomSequenceOfActions_int
#FN:53
FN:14,Main_getBoolean
#FN:17
FNDA:1,Main_main_String[]
FNDA:205,Main_getBoolean
FNDA:1,Main_randomSequenceOfActions_int
DA:8,1
DA:10,1
DA:11,6
DA:14,205
DA:15,615
DA:16,615
DA:20,1
DA:21,4
DA:23,1
DA:24,66
DA:25,35
DA:27,240
DA:28,352
DA:29,608
DA:30,80
DA:31,160
DA:33,80
DA:34,68
DA:37,68
DA:38,68
DA:41,68
DA:42,68
DA:43,68
DA:44,68
DA:47,132
DA:50,306
DA:51,112
end_of_record
TN:
SF:/Users/Teme/Documents/GitHub/jayhorn-benchmarks/Environment.java
FN:28,MinePumpSystem.Environment_waterRise
#FN:37
FN:47,MinePumpSystem.Environment_isMethaneLevelCritical
#FN:49
FN:41,MinePumpSystem.Environment_changeMethaneLevel
#FN:43
FN:53,MinePumpSystem.Environment_toString
#FN:56
FN:60,MinePumpSystem.Environment_getWaterLevel
#FN:62
FN:69,MinePumpSystem.Environment_isHighWaterSensorDry
#FN:71
FN:65,MinePumpSystem.Environment_isLowWaterSensorDry
#FN:67
FN:15,MinePumpSystem.Environment_lowerWaterLevel
#FN:24
FNDA:116,MinePumpSystem.Environment_isHighWaterSensorDry
FNDA:292,MinePumpSystem.Environment_isMethaneLevelCritical
FNDA:34,MinePumpSystem.Environment_changeMethaneLevel
FNDA:42,MinePumpSystem.Environment_lowerWaterLevel
FNDA:40,MinePumpSystem.Environment_waterRise
DA:65,0
DA:66,0
DA:69,116
DA:70,116
DA:7,1
DA:11,1
DA:15,42
DA:16,42
DA:17,42
DA:18,22
DA:19,22
DA:20,20
DA:21,14
DA:22,14
DA:28,40
DA:29,40
DA:30,40
DA:31,0
DA:32,0
DA:33,40
DA:34,24
DA:35,24
DA:41,34
DA:42,68
DA:47,292
DA:48,292
DA:53,0
DA:55,0
DA:60,0
DA:61,0
end_of_record
TN:
SF:/Users/Teme/Documents/GitHub/jayhorn-benchmarks/MinePump.java
FN:77,MinePumpSystem.MinePump_isPumpRunning
#FN:79
FN:101,MinePumpSystem.MinePump_getEnv
#FN:103
FN:67,MinePumpSystem.MinePump_activatePump
#FN:73
FN:62,MinePumpSystem.MinePump_activatePump__wrappee__highWaterSensor
#FN:64
FN:122,MinePumpSystem.MinePump_isSystemActive
#FN:124
FN:112,MinePumpSystem.MinePump_stopSystem
#FN:114
FN:107,MinePumpSystem.MinePump_isHighWaterLevel
#FN:109
FN:117,MinePumpSystem.MinePump_startSystem
#FN:119
FN:27,MinePumpSystem.MinePump_timeShift
#FN:32
FN:20,MinePumpSystem.MinePump_MinePump_MinePumpSystem.Environment
#FN:23
FN:82,MinePumpSystem.MinePump_deactivatePump
#FN:84
FN:35,MinePumpSystem.MinePump_processEnvironment__wrappee__base
#FN:37
FN:88,MinePumpSystem.MinePump_isMethaneAlarm
#FN:90
FN:42,MinePumpSystem.MinePump_processEnvironment__wrappee__methaneQuery
#FN:49
FN:94,MinePumpSystem.MinePump_toString
#FN:97
FN:52,MinePumpSystem.MinePump_processEnvironment
#FN:58
FNDA:40,MinePumpSystem.MinePump_activatePump
FNDA:126,MinePumpSystem.MinePump_isPumpRunning
FNDA:116,MinePumpSystem.MinePump_processEnvironment__wrappee__base
FNDA:116,MinePumpSystem.MinePump_processEnvironment__wrappee__methaneQuery
FNDA:166,MinePumpSystem.MinePump_isMethaneAlarm
FNDA:10,MinePumpSystem.MinePump_deactivatePump
FNDA:126,MinePumpSystem.MinePump_processEnvironment
FNDA:126,MinePumpSystem.MinePump_getEnv
FNDA:126,MinePumpSystem.MinePump_timeShift
FNDA:34,MinePumpSystem.MinePump_stopSystem
FNDA:1,MinePumpSystem.MinePump_MinePump_MinePumpSystem.Environment
FNDA:194,MinePumpSystem.MinePump_isSystemActive
FNDA:14,MinePumpSystem.MinePump_activatePump__wrappee__highWaterSensor
FNDA:116,MinePumpSystem.MinePump_isHighWaterLevel
DA:67,40
DA:68,160
DA:69,28
DA:8,1
DA:12,1
DA:77,126
DA:78,126
DA:16,1
DA:82,10
DA:83,10
DA:20,2
DA:21,1
DA:22,1
DA:88,166
DA:89,664
DA:27,126
DA:28,126
DA:29,84
DA:30,126
DA:94,0
DA:31,252
DA:96,0
DA:35,116
DA:101,126
DA:102,126
DA:42,116
DA:43,548
DA:107,116
DA:108,464
DA:44,80
DA:45,80
DA:47,152
DA:112,34
DA:52,126
DA:53,546
DA:117,0
DA:54,20
DA:56,232
DA:122,194
DA:123,194
DA:62,14
DA:63,14
end_of_record
TN:
SF:/Users/Teme/Documents/GitHub/jayhorn-benchmarks/Actions.java
FN:36,Actions_startSystem
#FN:39
FN:41,Actions_timeShift
#FN:48
FN:21,Actions_waterRise
#FN:23
FN:50,Actions_getSystemState
#FN:52
FN:26,Actions_methaneChange
#FN:28
FN:30,Actions_stopSystem
#FN:33
FN:55,Actions_Specification1
#FN:65
FN:14,Actions_Actions
#FN:17
FNDA:34,Actions_stopSystem
FNDA:34,Actions_startSystem
FNDA:126,Actions_timeShift
FNDA:40,Actions_waterRise
FNDA:126,Actions_Specification1
FNDA:34,Actions_methaneChange
FNDA:1,Actions_Actions
DA:7,1
DA:8,1
DA:10,1
DA:11,1
DA:14,2
DA:15,2
DA:16,2
DA:21,40
DA:22,80
DA:26,34
DA:27,68
DA:30,34
DA:31,136
DA:32,68
DA:36,34
DA:37,136
DA:38,0
DA:41,126
DA:43,252
DA:45,504
DA:46,252
DA:50,0
DA:51,0
DA:55,126
DA:57,504
DA:59,756
DA:60,756
DA:62,188
DA:63,0
end_of_record
