TN:
SF:/Users/Teme/Documents/GitHub/jayhorn-benchmarks/Main.java
FN:10,Main_main_String[]
#FN:12
FN:14,Main_getBoolean
#FN:17
FN:20,Main_randomSequenceOfActions_int
#FN:53
FNDA:1,Main_main_String[]
FNDA:335,Main_getBoolean
FNDA:1,Main_randomSequenceOfActions_int
DA:8,1
DA:10,1
DA:11,8
DA:14,335
DA:15,1005
DA:16,1005
DA:20,1
DA:21,4
DA:23,1
DA:24,110
DA:25,61
DA:27,408
DA:28,560
DA:29,848
DA:30,136
DA:31,272
DA:33,136
DA:34,112
DA:37,112
DA:38,112
DA:41,112
DA:42,112
DA:43,112
DA:44,84
DA:47,224
DA:50,496
DA:51,180
end_of_record
TN:
SF:/Users/Teme/Documents/GitHub/jayhorn-benchmarks/Environment.java
FN:60,MinePumpSystem.Environment_getWaterLevel
#FN:62
FN:53,MinePumpSystem.Environment_toString
#FN:56
FN:28,MinePumpSystem.Environment_waterRise
#FN:37
FN:47,MinePumpSystem.Environment_isMethaneLevelCritical
#FN:49
FN:15,MinePumpSystem.Environment_lowerWaterLevel
#FN:24
FN:65,MinePumpSystem.Environment_isLowWaterSensorDry
#FN:67
FN:41,MinePumpSystem.Environment_changeMethaneLevel
#FN:43
FN:69,MinePumpSystem.Environment_isHighWaterSensorDry
#FN:71
FNDA:86,MinePumpSystem.Environment_isHighWaterSensorDry
FNDA:148,MinePumpSystem.Environment_isMethaneLevelCritical
FNDA:108,MinePumpSystem.Environment_isLowWaterSensorDry
FNDA:56,MinePumpSystem.Environment_changeMethaneLevel
FNDA:22,MinePumpSystem.Environment_lowerWaterLevel
FNDA:68,MinePumpSystem.Environment_waterRise
DA:65,108
DA:66,108
DA:69,86
DA:70,86
DA:7,1
DA:11,1
DA:15,22
DA:16,22
DA:17,22
DA:18,22
DA:19,22
DA:20,0
DA:21,0
DA:22,0
DA:28,68
DA:29,68
DA:30,68
DA:31,0
DA:32,0
DA:33,68
DA:34,36
DA:35,36
DA:41,56
DA:42,112
DA:47,148
DA:48,148
DA:53,0
DA:55,0
DA:60,0
DA:61,0
end_of_record
TN:
SF:/Users/Teme/Documents/GitHub/jayhorn-benchmarks/MinePump.java
FN:78,MinePumpSystem.MinePump_isPumpRunning
#FN:80
FN:133,MinePumpSystem.MinePump_isSystemActive
#FN:135
FN:42,MinePumpSystem.MinePump_processEnvironment__wrappee__highWaterSensor
#FN:49
FN:119,MinePumpSystem.MinePump_stopSystem
#FN:125
FN:53,MinePumpSystem.MinePump_processEnvironment
#FN:59
FN:89,MinePumpSystem.MinePump_isMethaneAlarm
#FN:91
FN:114,MinePumpSystem.MinePump_isLowWaterLevel
#FN:116
FN:63,MinePumpSystem.MinePump_activatePump__wrappee__lowWaterSensor
#FN:65
FN:68,MinePumpSystem.MinePump_activatePump
#FN:74
FN:128,MinePumpSystem.MinePump_startSystem
#FN:130
FN:20,MinePumpSystem.MinePump_MinePump_MinePumpSystem.Environment
#FN:23
FN:35,MinePumpSystem.MinePump_processEnvironment__wrappee__base
#FN:37
FN:108,MinePumpSystem.MinePump_isHighWaterLevel
#FN:110
FN:27,MinePumpSystem.MinePump_timeShift
#FN:32
FN:95,MinePumpSystem.MinePump_toString
#FN:98
FN:102,MinePumpSystem.MinePump_getEnv
#FN:104
FN:83,MinePumpSystem.MinePump_deactivatePump
#FN:85
FNDA:24,MinePumpSystem.MinePump_startSystem
FNDA:40,MinePumpSystem.MinePump_activatePump
FNDA:108,MinePumpSystem.MinePump_isPumpRunning
FNDA:86,MinePumpSystem.MinePump_processEnvironment__wrappee__base
FNDA:86,MinePumpSystem.MinePump_processEnvironment__wrappee__highWaterSensor
FNDA:108,MinePumpSystem.MinePump_isLowWaterLevel
FNDA:40,MinePumpSystem.MinePump_isMethaneAlarm
FNDA:30,MinePumpSystem.MinePump_deactivatePump
FNDA:108,MinePumpSystem.MinePump_processEnvironment
FNDA:108,MinePumpSystem.MinePump_getEnv
FNDA:208,MinePumpSystem.MinePump_timeShift
FNDA:32,MinePumpSystem.MinePump_stopSystem
FNDA:14,MinePumpSystem.MinePump_activatePump__wrappee__lowWaterSensor
FNDA:1,MinePumpSystem.MinePump_MinePump_MinePumpSystem.Environment
FNDA:320,MinePumpSystem.MinePump_isSystemActive
FNDA:86,MinePumpSystem.MinePump_isHighWaterLevel
DA:64,14
DA:128,24
DA:68,40
DA:69,160
DA:133,320
DA:70,28
DA:134,320
DA:8,1
DA:12,1
DA:78,108
DA:79,108
DA:16,1
DA:83,30
DA:20,2
DA:84,30
DA:21,1
DA:22,1
DA:89,40
DA:90,160
DA:27,208
DA:28,208
DA:29,44
DA:30,208
DA:31,216
DA:95,0
DA:97,0
DA:35,86
DA:102,108
DA:103,108
DA:42,86
DA:43,430
DA:44,80
DA:108,86
DA:109,344
DA:45,80
DA:47,92
DA:114,108
DA:115,432
DA:53,108
DA:54,454
DA:55,44
DA:119,32
DA:120,32
DA:57,172
DA:121,16
DA:123,64
DA:124,32
DA:63,14
end_of_record
TN:
SF:/Users/Teme/Documents/GitHub/jayhorn-benchmarks/Actions.java
FN:26,Actions_methaneChange
#FN:28
FN:41,Actions_timeShift
#FN:48
FN:55,Actions_Specification1
#FN:65
FN:21,Actions_waterRise
#FN:23
FN:50,Actions_getSystemState
#FN:52
FN:36,Actions_startSystem
#FN:39
FN:14,Actions_Actions
#FN:17
FN:30,Actions_stopSystem
#FN:33
FNDA:56,Actions_stopSystem
FNDA:56,Actions_startSystem
FNDA:208,Actions_timeShift
FNDA:68,Actions_waterRise
FNDA:108,Actions_Specification1
FNDA:56,Actions_methaneChange
FNDA:1,Actions_Actions
DA:7,1
DA:8,1
DA:10,1
DA:11,1
DA:14,2
DA:15,2
DA:16,2
DA:21,68
DA:22,136
DA:26,56
DA:27,112
DA:30,56
DA:31,224
DA:32,64
DA:36,56
DA:37,224
DA:38,48
DA:41,208
DA:43,416
DA:45,832
DA:46,216
DA:50,0
DA:51,0
DA:55,108
DA:57,432
DA:59,648
DA:60,648
DA:62,164
DA:63,0
end_of_record
