TN:
SF:/Users/Teme/Documents/GitHub/jayhorn-benchmarks/Main.java
FN:14,Main_getBoolean
#FN:17
FN:20,Main_randomSequenceOfActions_int
#FN:53
FN:10,Main_main_String[]
#FN:12
FNDA:1,Main_main_String[]
FNDA:293,Main_getBoolean
FNDA:1,Main_randomSequenceOfActions_int
DA:8,1
DA:10,1
DA:11,8
DA:14,293
DA:15,879
DA:16,879
DA:20,1
DA:21,4
DA:23,1
DA:24,90
DA:25,51
DA:27,338
DA:28,472
DA:29,800
DA:30,136
DA:31,272
DA:33,136
DA:34,112
DA:37,112
DA:38,112
DA:41,112
DA:42,92
DA:43,112
DA:44,84
DA:47,184
DA:50,378
DA:51,137
end_of_record
TN:
SF:/Users/Teme/Documents/GitHub/jayhorn-benchmarks/Environment.java
FN:47,MinePumpSystem.Environment_isMethaneLevelCritical
#FN:49
FN:15,MinePumpSystem.Environment_lowerWaterLevel
#FN:24
FN:65,MinePumpSystem.Environment_isLowWaterSensorDry
#FN:67
FN:60,MinePumpSystem.Environment_getWaterLevel
#FN:62
FN:53,MinePumpSystem.Environment_toString
#FN:56
FN:28,MinePumpSystem.Environment_waterRise
#FN:37
FN:69,MinePumpSystem.Environment_isHighWaterSensorDry
#FN:71
FN:41,MinePumpSystem.Environment_changeMethaneLevel
#FN:43
FNDA:92,MinePumpSystem.Environment_isHighWaterSensorDry
FNDA:276,MinePumpSystem.Environment_isMethaneLevelCritical
FNDA:107,MinePumpSystem.Environment_isLowWaterSensorDry
FNDA:56,MinePumpSystem.Environment_changeMethaneLevel
FNDA:23,MinePumpSystem.Environment_lowerWaterLevel
FNDA:68,MinePumpSystem.Environment_waterRise
DA:65,107
DA:66,107
DA:69,92
DA:70,92
DA:7,1
DA:11,1
DA:15,23
DA:16,23
DA:17,23
DA:18,23
DA:19,23
DA:20,0
DA:21,0
DA:22,0
DA:28,68
DA:29,68
DA:30,68
DA:31,0
DA:32,0
DA:33,68
DA:34,36
DA:35,36
DA:41,56
DA:42,112
DA:47,276
DA:48,276
DA:53,0
DA:55,0
DA:60,0
DA:61,0
end_of_record
TN:
SF:/Users/Teme/Documents/GitHub/jayhorn-benchmarks/MinePump.java
FN:123,MinePumpSystem.MinePump_isLowWaterLevel
#FN:125
FN:98,MinePumpSystem.MinePump_isMethaneAlarm
#FN:100
FN:42,MinePumpSystem.MinePump_processEnvironment__wrappee__highWaterSensor
#FN:49
FN:92,MinePumpSystem.MinePump_deactivatePump
#FN:94
FN:137,MinePumpSystem.MinePump_startSystem
#FN:140
FN:77,MinePumpSystem.MinePump_activatePump
#FN:83
FN:53,MinePumpSystem.MinePump_processEnvironment__wrappee__methaneQuery
#FN:59
FN:20,MinePumpSystem.MinePump_MinePump_MinePumpSystem.Environment
#FN:23
FN:104,MinePumpSystem.MinePump_toString
#FN:107
FN:111,MinePumpSystem.MinePump_getEnv
#FN:113
FN:128,MinePumpSystem.MinePump_stopSystem
#FN:134
FN:62,MinePumpSystem.MinePump_processEnvironment
#FN:68
FN:35,MinePumpSystem.MinePump_processEnvironment__wrappee__base
#FN:37
FN:72,MinePumpSystem.MinePump_activatePump__wrappee__lowWaterSensor
#FN:74
FN:27,MinePumpSystem.MinePump_timeShift
#FN:32
FN:117,MinePumpSystem.MinePump_isHighWaterLevel
#FN:119
FN:87,MinePumpSystem.MinePump_isPumpRunning
#FN:89
FN:143,MinePumpSystem.MinePump_isSystemActive
#FN:145
FNDA:24,MinePumpSystem.MinePump_startSystem
FNDA:46,MinePumpSystem.MinePump_activatePump
FNDA:115,MinePumpSystem.MinePump_isPumpRunning
FNDA:92,MinePumpSystem.MinePump_processEnvironment__wrappee__base
FNDA:92,MinePumpSystem.MinePump_processEnvironment__wrappee__highWaterSensor
FNDA:107,MinePumpSystem.MinePump_isLowWaterLevel
FNDA:107,MinePumpSystem.MinePump_processEnvironment__wrappee__methaneQuery
FNDA:161,MinePumpSystem.MinePump_isMethaneAlarm
FNDA:31,MinePumpSystem.MinePump_deactivatePump
FNDA:115,MinePumpSystem.MinePump_processEnvironment
FNDA:115,MinePumpSystem.MinePump_getEnv
FNDA:167,MinePumpSystem.MinePump_timeShift
FNDA:32,MinePumpSystem.MinePump_stopSystem
FNDA:16,MinePumpSystem.MinePump_activatePump__wrappee__lowWaterSensor
FNDA:1,MinePumpSystem.MinePump_MinePump_MinePumpSystem.Environment
FNDA:279,MinePumpSystem.MinePump_isSystemActive
FNDA:92,MinePumpSystem.MinePump_isHighWaterLevel
DA:128,32
DA:129,32
DA:130,16
DA:132,64
DA:133,32
DA:8,1
DA:137,24
DA:138,48
DA:139,24
DA:12,1
DA:143,279
DA:16,1
DA:144,279
DA:20,2
DA:21,1
DA:22,1
DA:27,167
DA:28,167
DA:29,46
DA:30,167
DA:31,230
DA:35,92
DA:42,92
DA:43,460
DA:44,92
DA:45,92
DA:47,92
DA:53,107
DA:54,443
DA:55,30
DA:57,184
DA:62,115
DA:63,483
DA:64,16
DA:66,214
DA:72,16
DA:73,16
DA:77,46
DA:78,184
DA:79,32
DA:87,115
DA:88,115
DA:92,31
DA:93,31
DA:98,161
DA:99,644
DA:104,0
DA:106,0
DA:111,115
DA:112,115
DA:117,92
DA:118,368
DA:123,107
DA:124,428
end_of_record
TN:
SF:/Users/Teme/Documents/GitHub/jayhorn-benchmarks/Actions.java
FN:41,Actions_timeShift
#FN:48
FN:30,Actions_stopSystem
#FN:33
FN:26,Actions_methaneChange
#FN:28
FN:21,Actions_waterRise
#FN:23
FN:55,Actions_Specification1
#FN:65
FN:50,Actions_getSystemState
#FN:52
FN:14,Actions_Actions
#FN:17
FN:36,Actions_startSystem
#FN:39
FNDA:56,Actions_stopSystem
FNDA:56,Actions_startSystem
FNDA:167,Actions_timeShift
FNDA:68,Actions_waterRise
FNDA:115,Actions_Specification1
FNDA:56,Actions_methaneChange
FNDA:1,Actions_Actions
DA:7,1
DA:8,1
DA:10,1
DA:11,1
DA:14,2
DA:15,2
DA:16,2
DA:21,68
DA:22,136
DA:26,56
DA:27,112
DA:30,56
DA:31,224
DA:32,64
DA:36,56
DA:37,224
DA:38,48
DA:41,167
DA:43,334
DA:45,668
DA:46,230
DA:50,0
DA:51,0
DA:55,115
DA:57,460
DA:59,690
DA:60,690
DA:62,175
DA:63,0
end_of_record
