TN:
SF:/Users/Teme/Documents/GitHub/jayhorn-benchmarks/Main.java
FN:20,Main_randomSequenceOfActions_int
#FN:53
FN:14,Main_getBoolean
#FN:17
FN:10,Main_main_String[]
#FN:12
FNDA:1,Main_main_String[]
FNDA:291,Main_getBoolean
FNDA:1,Main_randomSequenceOfActions_int
DA:8,1
DA:10,1
DA:11,9
DA:14,291
DA:15,873
DA:16,873
DA:20,1
DA:21,4
DA:23,1
DA:24,86
DA:25,49
DA:27,332
DA:28,472
DA:29,800
DA:30,136
DA:31,272
DA:33,136
DA:34,104
DA:37,104
DA:38,104
DA:41,104
DA:42,80
DA:43,104
DA:44,80
DA:47,168
DA:50,396
DA:51,144
end_of_record
TN:
SF:/Users/Teme/Documents/GitHub/jayhorn-benchmarks/Environment.java
FN:28,MinePumpSystem.Environment_waterRise
#FN:37
FN:47,MinePumpSystem.Environment_isMethaneLevelCritical
#FN:49
FN:53,MinePumpSystem.Environment_toString
#FN:56
FN:65,MinePumpSystem.Environment_isLowWaterSensorDry
#FN:67
FN:41,MinePumpSystem.Environment_changeMethaneLevel
#FN:43
FN:69,MinePumpSystem.Environment_isHighWaterSensorDry
#FN:71
FN:15,MinePumpSystem.Environment_lowerWaterLevel
#FN:24
FN:60,MinePumpSystem.Environment_getWaterLevel
#FN:62
FNDA:208,MinePumpSystem.Environment_isMethaneLevelCritical
FNDA:104,MinePumpSystem.Environment_isLowWaterSensorDry
FNDA:52,MinePumpSystem.Environment_changeMethaneLevel
FNDA:68,MinePumpSystem.Environment_waterRise
DA:65,104
DA:66,104
DA:69,0
DA:70,0
DA:7,1
DA:11,1
DA:15,0
DA:16,0
DA:17,0
DA:18,0
DA:19,0
DA:20,0
DA:21,0
DA:22,0
DA:28,68
DA:29,68
DA:30,68
DA:31,0
DA:32,0
DA:33,68
DA:34,36
DA:35,36
DA:41,52
DA:42,104
DA:47,208
DA:48,208
DA:53,0
DA:55,0
DA:60,0
DA:61,0
end_of_record
TN:
SF:/Users/Teme/Documents/GitHub/jayhorn-benchmarks/MinePump.java
FN:116,MinePumpSystem.MinePump_isSystemActive
#FN:118
FN:71,MinePumpSystem.MinePump_deactivatePump
#FN:73
FN:101,MinePumpSystem.MinePump_stopSystem
#FN:107
FN:20,MinePumpSystem.MinePump_MinePump_MinePumpSystem.Environment
#FN:23
FN:77,MinePumpSystem.MinePump_isMethaneAlarm
#FN:79
FN:83,MinePumpSystem.MinePump_toString
#FN:86
FN:66,MinePumpSystem.MinePump_isPumpRunning
#FN:68
FN:27,MinePumpSystem.MinePump_timeShift
#FN:32
FN:90,MinePumpSystem.MinePump_getEnv
#FN:92
FN:60,MinePumpSystem.MinePump_activatePump
#FN:62
FN:96,MinePumpSystem.MinePump_isLowWaterLevel
#FN:98
FN:50,MinePumpSystem.MinePump_processEnvironment
#FN:56
FN:41,MinePumpSystem.MinePump_processEnvironment__wrappee__lowWaterSensor
#FN:47
FN:35,MinePumpSystem.MinePump_processEnvironment__wrappee__base
#FN:37
FN:110,MinePumpSystem.MinePump_startSystem
#FN:113
FNDA:104,MinePumpSystem.MinePump_processEnvironment
FNDA:104,MinePumpSystem.MinePump_getEnv
FNDA:24,MinePumpSystem.MinePump_startSystem
FNDA:104,MinePumpSystem.MinePump_isPumpRunning
FNDA:156,MinePumpSystem.MinePump_timeShift
FNDA:28,MinePumpSystem.MinePump_stopSystem
FNDA:104,MinePumpSystem.MinePump_processEnvironment__wrappee__base
FNDA:1,MinePumpSystem.MinePump_MinePump_MinePumpSystem.Environment
FNDA:260,MinePumpSystem.MinePump_isSystemActive
FNDA:104,MinePumpSystem.MinePump_processEnvironment__wrappee__lowWaterSensor
FNDA:104,MinePumpSystem.MinePump_isLowWaterLevel
FNDA:104,MinePumpSystem.MinePump_isMethaneAlarm
DA:66,104
DA:67,104
DA:71,0
DA:8,1
DA:72,0
DA:12,1
DA:77,104
DA:78,416
DA:16,1
DA:83,0
DA:20,2
DA:85,0
DA:21,1
DA:22,1
DA:90,104
DA:27,156
DA:91,104
DA:28,156
DA:29,0
DA:30,156
DA:31,208
DA:96,104
DA:97,416
DA:35,104
DA:101,28
DA:102,28
DA:103,0
DA:41,104
DA:105,56
DA:42,416
DA:106,28
DA:43,0
DA:45,208
DA:110,24
DA:111,48
DA:112,24
DA:50,104
DA:51,416
DA:52,0
DA:116,260
DA:117,260
DA:54,208
DA:60,0
DA:61,0
end_of_record
TN:
SF:/Users/Teme/Documents/GitHub/jayhorn-benchmarks/Actions.java
FN:36,Actions_startSystem
#FN:39
FN:55,Actions_Specification1
#FN:65
FN:30,Actions_stopSystem
#FN:33
FN:26,Actions_methaneChange
#FN:28
FN:14,Actions_Actions
#FN:17
FN:21,Actions_waterRise
#FN:23
FN:41,Actions_timeShift
#FN:48
FN:50,Actions_getSystemState
#FN:52
FNDA:52,Actions_stopSystem
FNDA:52,Actions_startSystem
FNDA:156,Actions_timeShift
FNDA:68,Actions_waterRise
FNDA:104,Actions_Specification1
FNDA:52,Actions_methaneChange
FNDA:1,Actions_Actions
DA:7,1
DA:8,1
DA:10,1
DA:11,1
DA:14,2
DA:15,2
DA:16,2
DA:21,68
DA:22,136
DA:26,52
DA:27,104
DA:30,52
DA:31,208
DA:32,56
DA:36,52
DA:37,208
DA:38,48
DA:41,156
DA:43,312
DA:45,624
DA:46,208
DA:50,0
DA:51,0
DA:55,104
DA:57,416
DA:59,624
DA:60,624
DA:62,156
DA:63,0
end_of_record
