TN:
SF:/Users/Teme/Documents/GitHub/jayhorn-benchmarks/Main.java
FN:10,Main_main_String[]
#FN:12
FN:14,Main_getBoolean
#FN:17
FN:20,Main_randomSequenceOfActions_int
#FN:53
FNDA:1,Main_main_String[]
FNDA:3,Main_getBoolean
FNDA:1,Main_randomSequenceOfActions_int
DA:8,1
DA:10,1
DA:11,1
DA:14,3
DA:15,9
DA:16,9
DA:20,1
DA:21,4
DA:23,1
DA:24,2
DA:25,1
DA:27,7
DA:28,7
DA:29,7
DA:30,1
DA:31,1
DA:33,1
DA:34,2
DA:37,1
DA:38,2
DA:41,1
DA:42,2
DA:43,0
DA:44,0
DA:47,1
DA:50,0
DA:51,0
end_of_record
TN:
SF:/Users/Teme/Documents/GitHub/jayhorn-benchmarks/Environment.java
FN:47,MinePumpSystem.Environment_isMethaneLevelCritical
#FN:49
FN:53,MinePumpSystem.Environment_toString
#FN:56
FN:65,MinePumpSystem.Environment_isLowWaterSensorDry
#FN:67
FN:28,MinePumpSystem.Environment_waterRise
#FN:37
FN:69,MinePumpSystem.Environment_isHighWaterSensorDry
#FN:71
FN:41,MinePumpSystem.Environment_changeMethaneLevel
#FN:43
FN:60,MinePumpSystem.Environment_getWaterLevel
#FN:62
FN:15,MinePumpSystem.Environment_lowerWaterLevel
#FN:24
FNDA:1,MinePumpSystem.Environment_isHighWaterSensorDry
FNDA:1,MinePumpSystem.Environment_isMethaneLevelCritical
FNDA:1,MinePumpSystem.Environment_isLowWaterSensorDry
FNDA:1,MinePumpSystem.Environment_changeMethaneLevel
FNDA:1,MinePumpSystem.Environment_waterRise
DA:65,1
DA:66,1
DA:69,1
DA:70,1
DA:7,1
DA:11,1
DA:15,0
DA:16,0
DA:17,0
DA:18,0
DA:19,0
DA:20,0
DA:21,0
DA:22,0
DA:28,1
DA:29,1
DA:30,1
DA:31,0
DA:32,0
DA:33,1
DA:34,1
DA:35,1
DA:41,1
DA:42,2
DA:47,1
DA:48,1
DA:53,0
DA:55,0
DA:60,0
DA:61,0
end_of_record
TN:
SF:/Users/Teme/Documents/GitHub/jayhorn-benchmarks/MinePump.java
FN:20,MinePumpSystem.MinePump_MinePump_MinePumpSystem.Environment
#FN:23
FN:86,MinePumpSystem.MinePump_toString
#FN:89
FN:74,MinePumpSystem.MinePump_deactivatePump
#FN:76
FN:105,MinePumpSystem.MinePump_isLowWaterLevel
#FN:107
FN:53,MinePumpSystem.MinePump_processEnvironment
#FN:59
FN:125,MinePumpSystem.MinePump_isSystemActive
#FN:127
FN:63,MinePumpSystem.MinePump_activatePump
#FN:65
FN:110,MinePumpSystem.MinePump_stopSystem
#FN:116
FN:80,MinePumpSystem.MinePump_isMethaneAlarm
#FN:82
FN:93,MinePumpSystem.MinePump_getEnv
#FN:95
FN:42,MinePumpSystem.MinePump_processEnvironment__wrappee__highWaterSensor
#FN:49
FN:27,MinePumpSystem.MinePump_timeShift
#FN:32
FN:35,MinePumpSystem.MinePump_processEnvironment__wrappee__base
#FN:37
FN:69,MinePumpSystem.MinePump_isPumpRunning
#FN:71
FN:119,MinePumpSystem.MinePump_startSystem
#FN:122
FN:99,MinePumpSystem.MinePump_isHighWaterLevel
#FN:101
FNDA:1,MinePumpSystem.MinePump_processEnvironment
FNDA:1,MinePumpSystem.MinePump_getEnv
FNDA:1,MinePumpSystem.MinePump_activatePump
FNDA:1,MinePumpSystem.MinePump_isPumpRunning
FNDA:1,MinePumpSystem.MinePump_timeShift
FNDA:1,MinePumpSystem.MinePump_processEnvironment__wrappee__base
FNDA:1,MinePumpSystem.MinePump_MinePump_MinePumpSystem.Environment
FNDA:2,MinePumpSystem.MinePump_isSystemActive
FNDA:1,MinePumpSystem.MinePump_processEnvironment__wrappee__highWaterSensor
FNDA:1,MinePumpSystem.MinePump_isLowWaterLevel
FNDA:1,MinePumpSystem.MinePump_isHighWaterLevel
DA:64,1
DA:69,1
DA:70,1
DA:8,1
DA:74,0
DA:75,0
DA:12,1
DA:16,1
DA:80,0
DA:81,0
DA:20,2
DA:21,1
DA:22,1
DA:86,0
DA:88,0
DA:27,1
DA:28,1
DA:29,0
DA:93,1
DA:30,1
DA:94,1
DA:31,2
DA:35,1
DA:99,1
DA:100,4
DA:105,1
DA:106,4
DA:42,1
DA:43,5
DA:44,2
DA:45,2
DA:110,0
DA:47,0
DA:111,0
DA:112,0
DA:114,0
DA:115,0
DA:53,1
DA:54,4
DA:55,0
DA:119,0
DA:120,0
DA:57,2
DA:121,0
DA:125,2
DA:126,2
DA:63,1
end_of_record
TN:
SF:/Users/Teme/Documents/GitHub/jayhorn-benchmarks/Actions.java
FN:14,Actions_Actions
#FN:17
FN:30,Actions_stopSystem
#FN:33
FN:41,Actions_timeShift
#FN:48
FN:50,Actions_getSystemState
#FN:52
FN:55,Actions_Specification1
#FN:65
FN:36,Actions_startSystem
#FN:39
FN:26,Actions_methaneChange
#FN:28
FN:21,Actions_waterRise
#FN:23
FNDA:1,Actions_startSystem
FNDA:1,Actions_timeShift
FNDA:1,Actions_waterRise
FNDA:1,Actions_Specification1
FNDA:1,Actions_methaneChange
FNDA:1,Actions_Actions
DA:7,1
DA:8,1
DA:10,1
DA:11,1
DA:14,2
DA:15,2
DA:16,2
DA:21,1
DA:22,2
DA:26,1
DA:27,2
DA:30,0
DA:31,0
DA:32,0
DA:36,1
DA:37,4
DA:38,0
DA:41,1
DA:43,2
DA:45,4
DA:46,1
DA:50,0
DA:51,0
DA:55,1
DA:57,4
DA:59,6
DA:60,6
DA:62,2
DA:63,2
end_of_record
