TN:
SF:/Users/Teme/Documents/GitHub/jayhorn-benchmarks/Main.java
FN:10,Main_main_String[]
#FN:12
FN:20,Main_randomSequenceOfActions_int
#FN:53
FN:14,Main_getBoolean
#FN:17
FNDA:1,Main_main_String[]
FNDA:8,Main_getBoolean
FNDA:1,Main_randomSequenceOfActions_int
DA:8,1
DA:10,1
DA:11,1
DA:14,8
DA:15,24
DA:16,24
DA:20,1
DA:21,4
DA:23,1
DA:24,2
DA:25,1
DA:27,8
DA:28,15
DA:29,23
DA:30,5
DA:31,9
DA:33,5
DA:34,4
DA:37,1
DA:38,2
DA:41,1
DA:42,2
DA:43,0
DA:44,0
DA:47,1
DA:50,0
DA:51,0
end_of_record
TN:
SF:/Users/Teme/Documents/GitHub/jayhorn-benchmarks/Environment.java
FN:64,MinePumpSystem.Environment_getWaterLevel
#FN:66
FN:19,MinePumpSystem.Environment_lowerWaterLevel
#FN:28
FN:32,MinePumpSystem.Environment_waterRise
#FN:41
FN:51,MinePumpSystem.Environment_isMethaneLevelCritical
#FN:53
FN:75,MinePumpSystem.Environment_isLowWaterSensorDry
#FN:77
FN:69,MinePumpSystem.Environment_isHighWaterSensorDry
#FN:71
FN:45,MinePumpSystem.Environment_changeMethaneLevel
#FN:47
FN:57,MinePumpSystem.Environment_toString
#FN:60
FNDA:1,MinePumpSystem.Environment_isHighWaterSensorDry
FNDA:2,MinePumpSystem.Environment_isMethaneLevelCritical
FNDA:1,MinePumpSystem.Environment_isLowWaterSensorDry
FNDA:1,MinePumpSystem.Environment_changeMethaneLevel
FNDA:4,MinePumpSystem.Environment_waterRise
DA:64,0
DA:65,0
DA:69,1
DA:70,1
DA:75,1
DA:11,1
DA:76,1
DA:15,1
DA:19,0
DA:20,0
DA:21,0
DA:22,0
DA:23,0
DA:24,0
DA:25,0
DA:26,0
DA:32,4
DA:33,4
DA:34,4
DA:35,0
DA:36,0
DA:37,0
DA:38,0
DA:39,0
DA:45,1
DA:46,2
DA:51,2
DA:52,2
DA:57,0
DA:59,0
end_of_record
TN:
SF:/Users/Teme/Documents/GitHub/jayhorn-benchmarks/MinePump.java
FN:142,MinePumpSystem.MinePump_isSystemActive
#FN:144
FN:111,MinePumpSystem.MinePump_getEnv
#FN:113
FN:104,MinePumpSystem.MinePump_toString
#FN:107
FN:62,MinePumpSystem.MinePump_processEnvironment
#FN:68
FN:53,MinePumpSystem.MinePump_processEnvironment__wrappee__methaneQuery
#FN:59
FN:137,MinePumpSystem.MinePump_startSystem
#FN:139
FN:27,MinePumpSystem.MinePump_timeShift
#FN:32
FN:123,MinePumpSystem.MinePump_isLowWaterLevel
#FN:125
FN:117,MinePumpSystem.MinePump_isHighWaterLevel
#FN:119
FN:72,MinePumpSystem.MinePump_activatePump__wrappee__lowWaterSensor
#FN:74
FN:35,MinePumpSystem.MinePump_processEnvironment__wrappee__base
#FN:37
FN:77,MinePumpSystem.MinePump_activatePump
#FN:83
FN:98,MinePumpSystem.MinePump_isMethaneAlarm
#FN:100
FN:42,MinePumpSystem.MinePump_processEnvironment__wrappee__highWaterSensor
#FN:49
FN:128,MinePumpSystem.MinePump_stopSystem
#FN:134
FN:87,MinePumpSystem.MinePump_isPumpRunning
#FN:89
FN:20,MinePumpSystem.MinePump_MinePump_MinePumpSystem.Environment
#FN:23
FN:92,MinePumpSystem.MinePump_deactivatePump
#FN:94
FNDA:1,MinePumpSystem.MinePump_processEnvironment
FNDA:1,MinePumpSystem.MinePump_getEnv
FNDA:1,MinePumpSystem.MinePump_isPumpRunning
FNDA:1,MinePumpSystem.MinePump_timeShift
FNDA:1,MinePumpSystem.MinePump_processEnvironment__wrappee__base
FNDA:1,MinePumpSystem.MinePump_MinePump_MinePumpSystem.Environment
FNDA:2,MinePumpSystem.MinePump_isSystemActive
FNDA:1,MinePumpSystem.MinePump_processEnvironment__wrappee__highWaterSensor
FNDA:1,MinePumpSystem.MinePump_isLowWaterLevel
FNDA:1,MinePumpSystem.MinePump_processEnvironment__wrappee__methaneQuery
FNDA:1,MinePumpSystem.MinePump_isHighWaterLevel
FNDA:1,MinePumpSystem.MinePump_isMethaneAlarm
DA:128,0
DA:129,0
DA:130,0
DA:132,0
DA:133,0
DA:8,1
DA:137,0
DA:12,1
DA:142,2
DA:143,2
DA:16,1
DA:20,2
DA:21,1
DA:22,1
DA:27,1
DA:28,1
DA:29,0
DA:30,1
DA:31,2
DA:35,1
DA:42,1
DA:43,5
DA:44,0
DA:45,0
DA:47,2
DA:53,1
DA:54,4
DA:55,0
DA:57,2
DA:62,1
DA:63,4
DA:64,0
DA:66,2
DA:72,0
DA:73,0
DA:77,0
DA:78,0
DA:79,0
DA:87,1
DA:88,1
DA:92,0
DA:93,0
DA:98,1
DA:99,4
DA:104,0
DA:106,0
DA:111,1
DA:112,1
DA:117,1
DA:118,4
DA:123,1
DA:124,4
end_of_record
TN:
SF:/Users/Teme/Documents/GitHub/jayhorn-benchmarks/Actions.java
FN:14,Actions_Actions
#FN:17
FN:21,Actions_waterRise
#FN:23
FN:36,Actions_startSystem
#FN:39
FN:51,Actions_getSystemState
#FN:53
FN:56,Actions_Specification1
#FN:69
FN:41,Actions_timeShift
#FN:49
FN:26,Actions_methaneChange
#FN:28
FN:30,Actions_stopSystem
#FN:33
FNDA:1,Actions_startSystem
FNDA:1,Actions_timeShift
FNDA:4,Actions_waterRise
FNDA:1,Actions_Specification1
FNDA:1,Actions_methaneChange
FNDA:1,Actions_Actions
DA:64,2
DA:7,1
DA:8,1
DA:10,1
DA:11,1
DA:14,2
DA:15,2
DA:16,2
DA:21,4
DA:22,4
DA:26,1
DA:27,2
DA:30,0
DA:31,0
DA:32,0
DA:36,1
DA:37,4
DA:38,0
DA:41,1
DA:43,2
DA:45,4
DA:47,1
DA:51,0
DA:52,0
DA:56,1
DA:58,4
DA:60,6
DA:61,6
DA:62,1
DA:63,1
end_of_record
