TN:
SF:/Users/Teme/Documents/GitHub/jayhorn-benchmarks/Main.java
FN:10,Main_main_String[]
#FN:12
FN:14,Main_getBoolean
#FN:17
FN:20,Main_randomSequenceOfActions_int
#FN:53
FNDA:1,Main_main_String[]
FNDA:335,Main_getBoolean
FNDA:1,Main_randomSequenceOfActions_int
DA:8,1
DA:10,1
DA:11,9
DA:14,335
DA:15,1005
DA:16,1005
DA:20,1
DA:21,4
DA:23,1
DA:24,110
DA:25,61
DA:27,408
DA:28,560
DA:29,848
DA:30,136
DA:31,272
DA:33,136
DA:34,104
DA:37,104
DA:38,104
DA:41,104
DA:42,104
DA:43,104
DA:44,80
DA:47,216
DA:50,528
DA:51,192
end_of_record
TN:
SF:/Users/Teme/Documents/GitHub/jayhorn-benchmarks/Environment.java
FN:60,MinePumpSystem.Environment_getWaterLevel
#FN:62
FN:15,MinePumpSystem.Environment_lowerWaterLevel
#FN:24
FN:28,MinePumpSystem.Environment_waterRise
#FN:37
FN:65,MinePumpSystem.Environment_isLowWaterSensorDry
#FN:67
FN:41,MinePumpSystem.Environment_changeMethaneLevel
#FN:43
FN:53,MinePumpSystem.Environment_toString
#FN:56
FN:47,MinePumpSystem.Environment_isMethaneLevelCritical
#FN:49
FN:69,MinePumpSystem.Environment_isHighWaterSensorDry
#FN:71
FNDA:208,MinePumpSystem.Environment_isMethaneLevelCritical
FNDA:52,MinePumpSystem.Environment_changeMethaneLevel
FNDA:68,MinePumpSystem.Environment_waterRise
DA:65,0
DA:66,0
DA:69,0
DA:70,0
DA:7,1
DA:11,1
DA:15,0
DA:16,0
DA:17,0
DA:18,0
DA:19,0
DA:20,0
DA:21,0
DA:22,0
DA:28,68
DA:29,68
DA:30,68
DA:31,0
DA:32,0
DA:33,68
DA:34,36
DA:35,36
DA:41,52
DA:42,104
DA:47,208
DA:48,208
DA:53,0
DA:55,0
DA:60,0
DA:61,0
end_of_record
TN:
SF:/Users/Teme/Documents/GitHub/jayhorn-benchmarks/MinePump.java
FN:20,MinePumpSystem.MinePump_MinePump_MinePumpSystem.Environment
#FN:23
FN:89,MinePumpSystem.MinePump_getEnv
#FN:91
FN:40,MinePumpSystem.MinePump_processEnvironment
#FN:46
FN:70,MinePumpSystem.MinePump_deactivatePump
#FN:72
FN:35,MinePumpSystem.MinePump_processEnvironment__wrappee__methaneQuery
#FN:37
FN:108,MinePumpSystem.MinePump_isSystemActive
#FN:110
FN:103,MinePumpSystem.MinePump_startSystem
#FN:105
FN:27,MinePumpSystem.MinePump_timeShift
#FN:32
FN:76,MinePumpSystem.MinePump_isMethaneAlarm
#FN:78
FN:50,MinePumpSystem.MinePump_activatePump__wrappee__base
#FN:52
FN:65,MinePumpSystem.MinePump_isPumpRunning
#FN:67
FN:94,MinePumpSystem.MinePump_stopSystem
#FN:100
FN:82,MinePumpSystem.MinePump_toString
#FN:85
FN:55,MinePumpSystem.MinePump_activatePump
#FN:61
FNDA:104,MinePumpSystem.MinePump_processEnvironment
FNDA:104,MinePumpSystem.MinePump_getEnv
FNDA:24,MinePumpSystem.MinePump_startSystem
FNDA:104,MinePumpSystem.MinePump_isPumpRunning
FNDA:204,MinePumpSystem.MinePump_timeShift
FNDA:28,MinePumpSystem.MinePump_stopSystem
FNDA:1,MinePumpSystem.MinePump_MinePump_MinePumpSystem.Environment
FNDA:308,MinePumpSystem.MinePump_isSystemActive
FNDA:104,MinePumpSystem.MinePump_processEnvironment__wrappee__methaneQuery
FNDA:104,MinePumpSystem.MinePump_isMethaneAlarm
DA:65,104
DA:66,104
DA:70,0
DA:71,0
DA:8,1
DA:12,1
DA:76,104
DA:77,416
DA:16,1
DA:82,0
DA:84,0
DA:20,2
DA:21,1
DA:22,1
DA:89,104
DA:90,104
DA:27,204
DA:28,204
DA:29,0
DA:30,204
DA:94,28
DA:31,208
DA:95,28
DA:96,0
DA:98,56
DA:35,104
DA:99,28
DA:103,24
DA:40,104
DA:41,416
DA:42,0
DA:44,208
DA:108,308
DA:109,308
DA:50,0
DA:51,0
DA:55,0
DA:56,0
DA:57,0
end_of_record
TN:
SF:/Users/Teme/Documents/GitHub/jayhorn-benchmarks/Actions.java
FN:36,Actions_startSystem
#FN:39
FN:30,Actions_stopSystem
#FN:33
FN:14,Actions_Actions
#FN:17
FN:55,Actions_Specification1
#FN:65
FN:50,Actions_getSystemState
#FN:52
FN:41,Actions_timeShift
#FN:48
FN:21,Actions_waterRise
#FN:23
FN:26,Actions_methaneChange
#FN:28
FNDA:52,Actions_stopSystem
FNDA:52,Actions_startSystem
FNDA:204,Actions_timeShift
FNDA:68,Actions_waterRise
FNDA:104,Actions_Specification1
FNDA:52,Actions_methaneChange
FNDA:1,Actions_Actions
DA:7,1
DA:8,1
DA:10,1
DA:11,1
DA:14,2
DA:15,2
DA:16,2
DA:21,68
DA:22,136
DA:26,52
DA:27,104
DA:30,52
DA:31,208
DA:32,56
DA:36,52
DA:37,208
DA:38,48
DA:41,204
DA:43,408
DA:45,816
DA:46,208
DA:50,0
DA:51,0
DA:55,104
DA:57,416
DA:59,624
DA:60,624
DA:62,156
DA:63,0
end_of_record
