TN:
SF:/Users/Teme/Documents/GitHub/jayhorn-benchmarks/Main.java
FN:10,Main_main_String[]
#FN:12
FN:14,Main_getBoolean
#FN:17
FN:20,Main_randomSequenceOfActions_int
#FN:53
FNDA:1,Main_main_String[]
FNDA:291,Main_getBoolean
FNDA:1,Main_randomSequenceOfActions_int
DA:8,1
DA:10,1
DA:11,9
DA:14,291
DA:15,873
DA:16,873
DA:20,1
DA:21,4
DA:23,1
DA:24,86
DA:25,49
DA:27,332
DA:28,472
DA:29,800
DA:30,136
DA:31,272
DA:33,136
DA:34,104
DA:37,104
DA:38,104
DA:41,104
DA:42,80
DA:43,104
DA:44,80
DA:47,168
DA:50,396
DA:51,144
end_of_record
TN:
SF:/Users/Teme/Documents/GitHub/jayhorn-benchmarks/Environment.java
FN:41,MinePumpSystem.Environment_changeMethaneLevel
#FN:43
FN:28,MinePumpSystem.Environment_waterRise
#FN:37
FN:60,MinePumpSystem.Environment_getWaterLevel
#FN:62
FN:47,MinePumpSystem.Environment_isMethaneLevelCritical
#FN:49
FN:69,MinePumpSystem.Environment_isHighWaterSensorDry
#FN:71
FN:15,MinePumpSystem.Environment_lowerWaterLevel
#FN:24
FN:53,MinePumpSystem.Environment_toString
#FN:56
FN:65,MinePumpSystem.Environment_isLowWaterSensorDry
#FN:67
FNDA:208,MinePumpSystem.Environment_isMethaneLevelCritical
FNDA:104,MinePumpSystem.Environment_isLowWaterSensorDry
FNDA:52,MinePumpSystem.Environment_changeMethaneLevel
FNDA:68,MinePumpSystem.Environment_waterRise
DA:65,104
DA:66,104
DA:69,0
DA:70,0
DA:7,1
DA:11,1
DA:15,0
DA:16,0
DA:17,0
DA:18,0
DA:19,0
DA:20,0
DA:21,0
DA:22,0
DA:28,68
DA:29,68
DA:30,68
DA:31,0
DA:32,0
DA:33,68
DA:34,36
DA:35,36
DA:41,52
DA:42,104
DA:47,208
DA:48,208
DA:53,0
DA:55,0
DA:60,0
DA:61,0
end_of_record
TN:
SF:/Users/Teme/Documents/GitHub/jayhorn-benchmarks/MinePump.java
FN:125,MinePumpSystem.MinePump_isSystemActive
#FN:127
FN:110,MinePumpSystem.MinePump_stopSystem
#FN:116
FN:65,MinePumpSystem.MinePump_activatePump
#FN:71
FN:60,MinePumpSystem.MinePump_activatePump__wrappee__lowWaterSensor
#FN:62
FN:86,MinePumpSystem.MinePump_isMethaneAlarm
#FN:88
FN:41,MinePumpSystem.MinePump_processEnvironment__wrappee__methaneQuery
#FN:47
FN:50,MinePumpSystem.MinePump_processEnvironment
#FN:56
FN:20,MinePumpSystem.MinePump_MinePump_MinePumpSystem.Environment
#FN:23
FN:92,MinePumpSystem.MinePump_toString
#FN:95
FN:35,MinePumpSystem.MinePump_processEnvironment__wrappee__base
#FN:37
FN:75,MinePumpSystem.MinePump_isPumpRunning
#FN:77
FN:99,MinePumpSystem.MinePump_getEnv
#FN:101
FN:80,MinePumpSystem.MinePump_deactivatePump
#FN:82
FN:105,MinePumpSystem.MinePump_isLowWaterLevel
#FN:107
FN:119,MinePumpSystem.MinePump_startSystem
#FN:122
FN:27,MinePumpSystem.MinePump_timeShift
#FN:32
FNDA:104,MinePumpSystem.MinePump_processEnvironment
FNDA:104,MinePumpSystem.MinePump_getEnv
FNDA:24,MinePumpSystem.MinePump_startSystem
FNDA:104,MinePumpSystem.MinePump_isPumpRunning
FNDA:156,MinePumpSystem.MinePump_timeShift
FNDA:28,MinePumpSystem.MinePump_stopSystem
FNDA:104,MinePumpSystem.MinePump_processEnvironment__wrappee__base
FNDA:1,MinePumpSystem.MinePump_MinePump_MinePumpSystem.Environment
FNDA:260,MinePumpSystem.MinePump_isSystemActive
FNDA:104,MinePumpSystem.MinePump_isLowWaterLevel
FNDA:104,MinePumpSystem.MinePump_processEnvironment__wrappee__methaneQuery
FNDA:104,MinePumpSystem.MinePump_isMethaneAlarm
DA:65,0
DA:66,0
DA:67,0
DA:8,1
DA:75,104
DA:12,1
DA:76,104
DA:16,1
DA:80,0
DA:81,0
DA:20,2
DA:21,1
DA:22,1
DA:86,104
DA:87,416
DA:27,156
DA:28,156
DA:92,0
DA:29,0
DA:94,0
DA:30,156
DA:31,208
DA:35,104
DA:99,104
DA:100,104
DA:41,104
DA:105,104
DA:106,416
DA:42,416
DA:43,0
DA:45,208
DA:110,28
DA:111,28
DA:112,0
DA:50,104
DA:114,56
DA:51,416
DA:115,28
DA:52,0
DA:54,208
DA:119,24
DA:120,48
DA:121,24
DA:60,0
DA:61,0
DA:125,260
DA:126,260
end_of_record
TN:
SF:/Users/Teme/Documents/GitHub/jayhorn-benchmarks/Actions.java
FN:50,Actions_getSystemState
#FN:52
FN:26,Actions_methaneChange
#FN:28
FN:30,Actions_stopSystem
#FN:33
FN:21,Actions_waterRise
#FN:23
FN:36,Actions_startSystem
#FN:39
FN:14,Actions_Actions
#FN:17
FN:41,Actions_timeShift
#FN:48
FN:55,Actions_Specification1
#FN:65
FNDA:52,Actions_stopSystem
FNDA:52,Actions_startSystem
FNDA:156,Actions_timeShift
FNDA:68,Actions_waterRise
FNDA:104,Actions_Specification1
FNDA:52,Actions_methaneChange
FNDA:1,Actions_Actions
DA:7,1
DA:8,1
DA:10,1
DA:11,1
DA:14,2
DA:15,2
DA:16,2
DA:21,68
DA:22,136
DA:26,52
DA:27,104
DA:30,52
DA:31,208
DA:32,56
DA:36,52
DA:37,208
DA:38,48
DA:41,156
DA:43,312
DA:45,624
DA:46,208
DA:50,0
DA:51,0
DA:55,104
DA:57,416
DA:59,624
DA:60,624
DA:62,156
DA:63,0
end_of_record
