TN:
SF:/Users/Teme/Documents/GitHub/jayhorn-benchmarks/MaxSum.java
FN:53,MaxSum_maxSubSum4_int[]
#FN:60
FN:10,MaxSum_maxSumRec_int[]_int_int
#FN:43
FN:45,MaxSum_max3_int_int_int
#FN:51
FN:62,MaxSum_main_String[]
#FN:86
FNDA:1,MaxSum_main_String[]
DA:68,3
DA:70,1
DA:71,3
DA:73,4849
DA:10,0
DA:74,970
DA:79,0
DA:17,0
DA:81,0
DA:18,0
DA:82,0
DA:19,0
DA:83,0
DA:21,0
DA:22,0
DA:24,0
DA:25,0
DA:27,0
DA:29,0
DA:30,0
DA:31,0
DA:34,0
DA:36,0
DA:37,0
DA:38,0
DA:41,0
DA:45,0
DA:50,0
DA:53,0
DA:59,0
DA:62,1
end_of_record
