TN:
SF:/Users/Teme/Documents/GitHub/jayhorn-benchmarks/Main.java
FN:20,Main_randomSequenceOfActions_int
#FN:53
FN:14,Main_getBoolean
#FN:17
FN:10,Main_main_String[]
#FN:12
FNDA:1,Main_main_String[]
FNDA:293,Main_getBoolean
FNDA:1,Main_randomSequenceOfActions_int
DA:8,1
DA:10,1
DA:11,8
DA:14,293
DA:15,879
DA:16,879
DA:20,1
DA:21,4
DA:23,1
DA:24,90
DA:25,51
DA:27,338
DA:28,472
DA:29,800
DA:30,136
DA:31,272
DA:33,136
DA:34,112
DA:37,112
DA:38,112
DA:41,112
DA:42,92
DA:43,112
DA:44,84
DA:47,184
DA:50,378
DA:51,137
end_of_record
TN:
SF:/Users/Teme/Documents/GitHub/jayhorn-benchmarks/Environment.java
FN:41,MinePumpSystem.Environment_changeMethaneLevel
#FN:43
FN:69,MinePumpSystem.Environment_isHighWaterSensorDry
#FN:71
FN:60,MinePumpSystem.Environment_getWaterLevel
#FN:62
FN:65,MinePumpSystem.Environment_isLowWaterSensorDry
#FN:67
FN:53,MinePumpSystem.Environment_toString
#FN:56
FN:15,MinePumpSystem.Environment_lowerWaterLevel
#FN:24
FN:47,MinePumpSystem.Environment_isMethaneLevelCritical
#FN:49
FN:28,MinePumpSystem.Environment_waterRise
#FN:37
FNDA:92,MinePumpSystem.Environment_isHighWaterSensorDry
FNDA:161,MinePumpSystem.Environment_isMethaneLevelCritical
FNDA:115,MinePumpSystem.Environment_isLowWaterSensorDry
FNDA:56,MinePumpSystem.Environment_changeMethaneLevel
FNDA:23,MinePumpSystem.Environment_lowerWaterLevel
FNDA:68,MinePumpSystem.Environment_waterRise
DA:65,115
DA:66,115
DA:69,92
DA:70,92
DA:7,1
DA:11,1
DA:15,23
DA:16,23
DA:17,23
DA:18,23
DA:19,23
DA:20,0
DA:21,0
DA:22,0
DA:28,68
DA:29,68
DA:30,68
DA:31,0
DA:32,0
DA:33,68
DA:34,36
DA:35,36
DA:41,56
DA:42,112
DA:47,161
DA:48,161
DA:53,0
DA:55,0
DA:60,0
DA:61,0
end_of_record
TN:
SF:/Users/Teme/Documents/GitHub/jayhorn-benchmarks/MinePump.java
FN:83,MinePumpSystem.MinePump_deactivatePump
#FN:85
FN:95,MinePumpSystem.MinePump_toString
#FN:98
FN:108,MinePumpSystem.MinePump_isHighWaterLevel
#FN:110
FN:63,MinePumpSystem.MinePump_activatePump__wrappee__lowWaterSensor
#FN:65
FN:35,MinePumpSystem.MinePump_processEnvironment__wrappee__base
#FN:37
FN:68,MinePumpSystem.MinePump_activatePump
#FN:74
FN:78,MinePumpSystem.MinePump_isPumpRunning
#FN:80
FN:27,MinePumpSystem.MinePump_timeShift
#FN:32
FN:89,MinePumpSystem.MinePump_isMethaneAlarm
#FN:91
FN:134,MinePumpSystem.MinePump_isSystemActive
#FN:136
FN:102,MinePumpSystem.MinePump_getEnv
#FN:104
FN:114,MinePumpSystem.MinePump_isLowWaterLevel
#FN:116
FN:128,MinePumpSystem.MinePump_startSystem
#FN:131
FN:53,MinePumpSystem.MinePump_processEnvironment
#FN:59
FN:119,MinePumpSystem.MinePump_stopSystem
#FN:125
FN:20,MinePumpSystem.MinePump_MinePump_MinePumpSystem.Environment
#FN:23
FN:42,MinePumpSystem.MinePump_processEnvironment__wrappee__highWaterSensor
#FN:49
FNDA:24,MinePumpSystem.MinePump_startSystem
FNDA:46,MinePumpSystem.MinePump_activatePump
FNDA:115,MinePumpSystem.MinePump_isPumpRunning
FNDA:92,MinePumpSystem.MinePump_processEnvironment__wrappee__base
FNDA:92,MinePumpSystem.MinePump_processEnvironment__wrappee__highWaterSensor
FNDA:115,MinePumpSystem.MinePump_isLowWaterLevel
FNDA:46,MinePumpSystem.MinePump_isMethaneAlarm
FNDA:31,MinePumpSystem.MinePump_deactivatePump
FNDA:115,MinePumpSystem.MinePump_processEnvironment
FNDA:115,MinePumpSystem.MinePump_getEnv
FNDA:167,MinePumpSystem.MinePump_timeShift
FNDA:32,MinePumpSystem.MinePump_stopSystem
FNDA:16,MinePumpSystem.MinePump_activatePump__wrappee__lowWaterSensor
FNDA:1,MinePumpSystem.MinePump_MinePump_MinePumpSystem.Environment
FNDA:279,MinePumpSystem.MinePump_isSystemActive
FNDA:92,MinePumpSystem.MinePump_isHighWaterLevel
DA:128,24
DA:129,48
DA:130,24
DA:134,279
DA:135,279
DA:8,1
DA:12,1
DA:16,1
DA:20,2
DA:21,1
DA:22,1
DA:27,167
DA:28,167
DA:29,46
DA:30,167
DA:31,230
DA:35,92
DA:42,92
DA:43,460
DA:44,92
DA:45,92
DA:47,92
DA:53,115
DA:54,483
DA:55,46
DA:57,184
DA:63,16
DA:64,16
DA:68,46
DA:69,184
DA:70,32
DA:78,115
DA:79,115
DA:83,31
DA:84,31
DA:89,46
DA:90,184
DA:95,0
DA:97,0
DA:102,115
DA:103,115
DA:108,92
DA:109,368
DA:114,115
DA:115,460
DA:119,32
DA:120,32
DA:121,16
DA:123,64
DA:124,32
end_of_record
TN:
SF:/Users/Teme/Documents/GitHub/jayhorn-benchmarks/Actions.java
FN:41,Actions_timeShift
#FN:48
FN:30,Actions_stopSystem
#FN:33
FN:21,Actions_waterRise
#FN:23
FN:55,Actions_Specification1
#FN:65
FN:14,Actions_Actions
#FN:17
FN:36,Actions_startSystem
#FN:39
FN:50,Actions_getSystemState
#FN:52
FN:26,Actions_methaneChange
#FN:28
FNDA:56,Actions_stopSystem
FNDA:56,Actions_startSystem
FNDA:167,Actions_timeShift
FNDA:68,Actions_waterRise
FNDA:115,Actions_Specification1
FNDA:56,Actions_methaneChange
FNDA:1,Actions_Actions
DA:7,1
DA:8,1
DA:10,1
DA:11,1
DA:14,2
DA:15,2
DA:16,2
DA:21,68
DA:22,136
DA:26,56
DA:27,112
DA:30,56
DA:31,224
DA:32,64
DA:36,56
DA:37,224
DA:38,48
DA:41,167
DA:43,334
DA:45,668
DA:46,230
DA:50,0
DA:51,0
DA:55,115
DA:57,460
DA:59,690
DA:60,690
DA:62,175
DA:63,0
end_of_record
