TN:
SF:/Users/Teme/Documents/GitHub/jayhorn-benchmarks/Main.java
FN:14,Main_getBoolean
#FN:17
FN:20,Main_randomSequenceOfActions_int
#FN:53
FN:10,Main_main_String[]
#FN:12
FNDA:1,Main_main_String[]
FNDA:3,Main_getBoolean
FNDA:1,Main_randomSequenceOfActions_int
DA:8,1
DA:10,1
DA:11,1
DA:14,3
DA:15,9
DA:16,9
DA:20,1
DA:21,4
DA:23,1
DA:24,2
DA:25,1
DA:27,7
DA:28,7
DA:29,7
DA:30,1
DA:31,1
DA:33,1
DA:34,2
DA:37,1
DA:38,2
DA:41,1
DA:42,2
DA:43,0
DA:44,0
DA:47,1
DA:50,0
DA:51,0
end_of_record
TN:
SF:/Users/Teme/Documents/GitHub/jayhorn-benchmarks/Environment.java
FN:28,MinePumpSystem.Environment_waterRise
#FN:37
FN:69,MinePumpSystem.Environment_isHighWaterSensorDry
#FN:71
FN:53,MinePumpSystem.Environment_toString
#FN:56
FN:65,MinePumpSystem.Environment_isLowWaterSensorDry
#FN:67
FN:15,MinePumpSystem.Environment_lowerWaterLevel
#FN:24
FN:41,MinePumpSystem.Environment_changeMethaneLevel
#FN:43
FN:47,MinePumpSystem.Environment_isMethaneLevelCritical
#FN:49
FN:60,MinePumpSystem.Environment_getWaterLevel
#FN:62
FNDA:1,MinePumpSystem.Environment_isHighWaterSensorDry
FNDA:1,MinePumpSystem.Environment_isMethaneLevelCritical
FNDA:1,MinePumpSystem.Environment_changeMethaneLevel
FNDA:1,MinePumpSystem.Environment_waterRise
DA:65,0
DA:66,0
DA:69,1
DA:70,1
DA:7,1
DA:11,1
DA:15,0
DA:16,0
DA:17,0
DA:18,0
DA:19,0
DA:20,0
DA:21,0
DA:22,0
DA:28,1
DA:29,1
DA:30,1
DA:31,0
DA:32,0
DA:33,1
DA:34,1
DA:35,1
DA:41,1
DA:42,2
DA:47,1
DA:48,1
DA:53,0
DA:55,0
DA:60,0
DA:61,0
end_of_record
TN:
SF:/Users/Teme/Documents/GitHub/jayhorn-benchmarks/MinePump.java
FN:89,MinePumpSystem.MinePump_isHighWaterLevel
#FN:91
FN:42,MinePumpSystem.MinePump_processEnvironment
#FN:49
FN:27,MinePumpSystem.MinePump_timeShift
#FN:32
FN:76,MinePumpSystem.MinePump_toString
#FN:79
FN:83,MinePumpSystem.MinePump_getEnv
#FN:85
FN:70,MinePumpSystem.MinePump_isMethaneAlarm
#FN:72
FN:53,MinePumpSystem.MinePump_activatePump
#FN:55
FN:20,MinePumpSystem.MinePump_MinePump_MinePumpSystem.Environment
#FN:23
FN:108,MinePumpSystem.MinePump_isSystemActive
#FN:110
FN:94,MinePumpSystem.MinePump_stopSystem
#FN:100
FN:64,MinePumpSystem.MinePump_deactivatePump
#FN:66
FN:35,MinePumpSystem.MinePump_processEnvironment__wrappee__base
#FN:37
FN:103,MinePumpSystem.MinePump_startSystem
#FN:105
FN:59,MinePumpSystem.MinePump_isPumpRunning
#FN:61
FNDA:1,MinePumpSystem.MinePump_processEnvironment
FNDA:1,MinePumpSystem.MinePump_getEnv
FNDA:1,MinePumpSystem.MinePump_activatePump
FNDA:1,MinePumpSystem.MinePump_isPumpRunning
FNDA:1,MinePumpSystem.MinePump_timeShift
FNDA:1,MinePumpSystem.MinePump_processEnvironment__wrappee__base
FNDA:1,MinePumpSystem.MinePump_MinePump_MinePumpSystem.Environment
FNDA:2,MinePumpSystem.MinePump_isSystemActive
FNDA:1,MinePumpSystem.MinePump_isHighWaterLevel
DA:64,0
DA:65,0
DA:70,0
DA:71,0
DA:8,1
DA:12,1
DA:76,0
DA:78,0
DA:16,1
DA:83,1
DA:20,2
DA:84,1
DA:21,1
DA:22,1
DA:89,1
DA:90,4
DA:27,1
DA:28,1
DA:29,0
DA:30,1
DA:94,0
DA:31,2
DA:95,0
DA:96,0
DA:98,0
DA:35,1
DA:99,0
DA:103,0
DA:42,1
DA:43,5
DA:44,2
DA:108,2
DA:45,2
DA:109,2
DA:47,0
DA:53,1
DA:54,1
DA:59,1
DA:60,1
end_of_record
TN:
SF:/Users/Teme/Documents/GitHub/jayhorn-benchmarks/Actions.java
FN:50,Actions_getSystemState
#FN:52
FN:36,Actions_startSystem
#FN:39
FN:55,Actions_Specification1
#FN:65
FN:41,Actions_timeShift
#FN:48
FN:21,Actions_waterRise
#FN:23
FN:14,Actions_Actions
#FN:17
FN:26,Actions_methaneChange
#FN:28
FN:30,Actions_stopSystem
#FN:33
FNDA:1,Actions_startSystem
FNDA:1,Actions_timeShift
FNDA:1,Actions_waterRise
FNDA:1,Actions_Specification1
FNDA:1,Actions_methaneChange
FNDA:1,Actions_Actions
DA:7,1
DA:8,1
DA:10,1
DA:11,1
DA:14,2
DA:15,2
DA:16,2
DA:21,1
DA:22,2
DA:26,1
DA:27,2
DA:30,0
DA:31,0
DA:32,0
DA:36,1
DA:37,4
DA:38,0
DA:41,1
DA:43,2
DA:45,4
DA:46,1
DA:50,0
DA:51,0
DA:55,1
DA:57,4
DA:59,6
DA:60,6
DA:62,2
DA:63,2
end_of_record
