TN:
SF:/Users/Teme/Documents/GitHub/jayhorn-benchmarks/Main.java
FN:10,Main_main_String[]
#FN:13
FN:21,Main_randomSequenceOfActions_int
#FN:53
FN:15,Main_getBoolean
#FN:18
FNDA:1,Main_main_String[]
DA:8,1
DA:10,1
DA:11,2
DA:15,0
DA:16,0
DA:17,0
DA:21,0
DA:22,0
DA:24,0
DA:25,0
DA:26,0
DA:28,0
DA:29,0
DA:30,0
DA:31,0
DA:32,0
DA:34,0
DA:35,0
DA:38,0
DA:39,0
DA:42,0
DA:43,0
DA:44,0
DA:45,0
DA:48,0
DA:50,0
DA:51,0
end_of_record
TN:
SF:/Users/Teme/Documents/GitHub/jayhorn-benchmarks/Environment.java
FN:69,MinePumpSystem.Environment_isHighWaterSensorDry
#FN:71
FN:28,MinePumpSystem.Environment_waterRise
#FN:37
FN:65,MinePumpSystem.Environment_isLowWaterSensorDry
#FN:67
FN:15,MinePumpSystem.Environment_lowerWaterLevel
#FN:24
FN:53,MinePumpSystem.Environment_toString
#FN:56
FN:60,MinePumpSystem.Environment_getWaterLevel
#FN:62
FN:47,MinePumpSystem.Environment_isMethaneLevelCritical
#FN:49
FN:41,MinePumpSystem.Environment_changeMethaneLevel
#FN:43
DA:65,0
DA:66,0
DA:69,0
DA:70,0
DA:7,0
DA:11,0
DA:15,0
DA:16,0
DA:17,0
DA:18,0
DA:19,0
DA:20,0
DA:21,0
DA:22,0
DA:28,0
DA:29,0
DA:30,0
DA:31,0
DA:32,0
DA:33,0
DA:34,0
DA:35,0
DA:41,0
DA:42,0
DA:47,0
DA:48,0
DA:53,0
DA:55,0
DA:60,0
DA:61,0
end_of_record
TN:
SF:/Users/Teme/Documents/GitHub/jayhorn-benchmarks/MinePump.java
FN:20,MinePumpSystem.MinePump_MinePump_MinePumpSystem.Environment
#FN:23
FN:111,MinePumpSystem.MinePump_getEnv
#FN:113
FN:123,MinePumpSystem.MinePump_isLowWaterLevel
#FN:125
FN:87,MinePumpSystem.MinePump_isPumpRunning
#FN:89
FN:137,MinePumpSystem.MinePump_startSystem
#FN:139
FN:53,MinePumpSystem.MinePump_processEnvironment__wrappee__methaneQuery
#FN:59
FN:77,MinePumpSystem.MinePump_activatePump
#FN:83
FN:72,MinePumpSystem.MinePump_activatePump__wrappee__lowWaterSensor
#FN:74
FN:62,MinePumpSystem.MinePump_processEnvironment
#FN:68
FN:92,MinePumpSystem.MinePump_deactivatePump
#FN:94
FN:142,MinePumpSystem.MinePump_isSystemActive
#FN:144
FN:42,MinePumpSystem.MinePump_processEnvironment__wrappee__highWaterSensor
#FN:49
FN:117,MinePumpSystem.MinePump_isHighWaterLevel
#FN:119
FN:128,MinePumpSystem.MinePump_stopSystem
#FN:134
FN:35,MinePumpSystem.MinePump_processEnvironment__wrappee__base
#FN:37
FN:104,MinePumpSystem.MinePump_toString
#FN:107
FN:27,MinePumpSystem.MinePump_timeShift
#FN:32
FN:98,MinePumpSystem.MinePump_isMethaneAlarm
#FN:100
DA:128,0
DA:129,0
DA:130,0
DA:132,0
DA:133,0
DA:8,0
DA:137,0
DA:12,0
DA:142,0
DA:143,0
DA:16,0
DA:20,0
DA:21,0
DA:22,0
DA:27,0
DA:28,0
DA:29,0
DA:30,0
DA:31,0
DA:35,0
DA:42,0
DA:43,0
DA:44,0
DA:45,0
DA:47,0
DA:53,0
DA:54,0
DA:55,0
DA:57,0
DA:62,0
DA:63,0
DA:64,0
DA:66,0
DA:72,0
DA:73,0
DA:77,0
DA:78,0
DA:79,0
DA:87,0
DA:88,0
DA:92,0
DA:93,0
DA:98,0
DA:99,0
DA:104,0
DA:106,0
DA:111,0
DA:112,0
DA:117,0
DA:118,0
DA:123,0
DA:124,0
end_of_record
TN:
SF:/Users/Teme/Documents/GitHub/jayhorn-benchmarks/Actions.java
FN:21,Actions_waterRise
#FN:23
FN:55,Actions_Specification1
#FN:65
FN:14,Actions_Actions
#FN:17
FN:50,Actions_getSystemState
#FN:52
FN:30,Actions_stopSystem
#FN:33
FN:41,Actions_timeShift
#FN:48
FN:26,Actions_methaneChange
#FN:28
FN:36,Actions_startSystem
#FN:39
DA:7,0
DA:8,0
DA:10,0
DA:11,0
DA:14,0
DA:15,0
DA:16,0
DA:21,0
DA:22,0
DA:26,0
DA:27,0
DA:30,0
DA:31,0
DA:32,0
DA:36,0
DA:37,0
DA:38,0
DA:41,0
DA:43,0
DA:45,0
DA:46,0
DA:50,0
DA:51,0
DA:55,0
DA:57,0
DA:59,0
DA:60,0
DA:62,0
DA:63,0
end_of_record
