TN:
SF:/Users/Teme/Documents/GitHub/jayhorn-benchmarks/Main.java
FN:14,Main_getBoolean
#FN:17
FN:10,Main_main_String[]
#FN:12
FN:20,Main_randomSequenceOfActions_int
#FN:53
FNDA:1,Main_main_String[]
FNDA:187,Main_getBoolean
FNDA:1,Main_randomSequenceOfActions_int
DA:8,1
DA:10,1
DA:11,5
DA:14,187
DA:15,561
DA:16,561
DA:20,1
DA:21,4
DA:23,1
DA:24,58
DA:25,33
DA:27,224
DA:28,320
DA:29,544
DA:30,72
DA:31,144
DA:33,72
DA:34,56
DA:37,56
DA:38,56
DA:41,56
DA:42,56
DA:43,56
DA:44,56
DA:47,112
DA:50,264
DA:51,96
end_of_record
TN:
SF:/Users/Teme/Documents/GitHub/jayhorn-benchmarks/Environment.java
FN:65,MinePumpSystem.Environment_isLowWaterSensorDry
#FN:67
FN:28,MinePumpSystem.Environment_waterRise
#FN:37
FN:60,MinePumpSystem.Environment_getWaterLevel
#FN:62
FN:15,MinePumpSystem.Environment_lowerWaterLevel
#FN:24
FN:53,MinePumpSystem.Environment_toString
#FN:56
FN:69,MinePumpSystem.Environment_isHighWaterSensorDry
#FN:71
FN:47,MinePumpSystem.Environment_isMethaneLevelCritical
#FN:49
FN:41,MinePumpSystem.Environment_changeMethaneLevel
#FN:43
FNDA:208,MinePumpSystem.Environment_isMethaneLevelCritical
FNDA:28,MinePumpSystem.Environment_changeMethaneLevel
FNDA:36,MinePumpSystem.Environment_waterRise
DA:65,0
DA:66,0
DA:69,0
DA:70,0
DA:7,1
DA:11,1
DA:15,0
DA:16,0
DA:17,0
DA:18,0
DA:19,0
DA:20,0
DA:21,0
DA:22,0
DA:28,36
DA:29,36
DA:30,36
DA:31,0
DA:32,0
DA:33,36
DA:34,20
DA:35,20
DA:41,28
DA:42,56
DA:47,208
DA:48,208
DA:53,0
DA:55,0
DA:60,0
DA:61,0
end_of_record
TN:
SF:/Users/Teme/Documents/GitHub/jayhorn-benchmarks/MinePump.java
FN:61,MinePumpSystem.MinePump_deactivatePump
#FN:63
FN:20,MinePumpSystem.MinePump_MinePump_MinePumpSystem.Environment
#FN:23
FN:50,MinePumpSystem.MinePump_activatePump
#FN:52
FN:96,MinePumpSystem.MinePump_isSystemActive
#FN:98
FN:91,MinePumpSystem.MinePump_stopSystem
#FN:93
FN:85,MinePumpSystem.MinePump_startSystem
#FN:88
FN:67,MinePumpSystem.MinePump_isMethaneAlarm
#FN:69
FN:35,MinePumpSystem.MinePump_processEnvironment__wrappee__base
#FN:37
FN:27,MinePumpSystem.MinePump_timeShift
#FN:32
FN:80,MinePumpSystem.MinePump_getEnv
#FN:82
FN:56,MinePumpSystem.MinePump_isPumpRunning
#FN:58
FN:40,MinePumpSystem.MinePump_processEnvironment
#FN:46
FN:73,MinePumpSystem.MinePump_toString
#FN:76
FNDA:104,MinePumpSystem.MinePump_processEnvironment
FNDA:104,MinePumpSystem.MinePump_getEnv
FNDA:104,MinePumpSystem.MinePump_isPumpRunning
FNDA:104,MinePumpSystem.MinePump_timeShift
FNDA:28,MinePumpSystem.MinePump_stopSystem
FNDA:104,MinePumpSystem.MinePump_processEnvironment__wrappee__base
FNDA:1,MinePumpSystem.MinePump_MinePump_MinePumpSystem.Environment
FNDA:160,MinePumpSystem.MinePump_isSystemActive
FNDA:104,MinePumpSystem.MinePump_isMethaneAlarm
DA:67,104
DA:68,416
DA:8,1
DA:73,0
DA:75,0
DA:12,1
DA:16,1
DA:80,104
DA:81,104
DA:20,2
DA:21,1
DA:85,0
DA:22,1
DA:86,0
DA:87,0
DA:27,104
DA:91,28
DA:28,104
DA:29,0
DA:30,104
DA:31,208
DA:96,160
DA:97,160
DA:35,104
DA:40,104
DA:41,416
DA:42,0
DA:44,208
DA:50,0
DA:51,0
DA:56,104
DA:57,104
DA:61,0
DA:62,0
end_of_record
TN:
SF:/Users/Teme/Documents/GitHub/jayhorn-benchmarks/Actions.java
FN:55,Actions_Specification1
#FN:65
FN:36,Actions_startSystem
#FN:39
FN:21,Actions_waterRise
#FN:23
FN:50,Actions_getSystemState
#FN:52
FN:26,Actions_methaneChange
#FN:28
FN:41,Actions_timeShift
#FN:48
FN:30,Actions_stopSystem
#FN:33
FN:14,Actions_Actions
#FN:17
FNDA:28,Actions_stopSystem
FNDA:28,Actions_startSystem
FNDA:104,Actions_timeShift
FNDA:36,Actions_waterRise
FNDA:104,Actions_Specification1
FNDA:28,Actions_methaneChange
FNDA:1,Actions_Actions
DA:7,1
DA:8,1
DA:10,1
DA:11,1
DA:14,2
DA:15,2
DA:16,2
DA:21,36
DA:22,72
DA:26,28
DA:27,56
DA:30,28
DA:31,112
DA:32,56
DA:36,28
DA:37,112
DA:38,0
DA:41,104
DA:43,208
DA:45,416
DA:46,208
DA:50,0
DA:51,0
DA:55,104
DA:57,416
DA:59,624
DA:60,624
DA:62,156
DA:63,0
end_of_record
