TN:
SF:/Users/Teme/Documents/GitHub/jayhorn-benchmarks/Main.java
FN:20,Main_randomSequenceOfActions_int
#FN:53
FN:14,Main_getBoolean
#FN:17
FN:10,Main_main_String[]
#FN:12
FNDA:1,Main_main_String[]
FNDA:311,Main_getBoolean
FNDA:1,Main_randomSequenceOfActions_int
DA:8,1
DA:10,1
DA:11,10
DA:14,311
DA:15,933
DA:16,933
DA:20,1
DA:21,4
DA:23,1
DA:24,98
DA:25,53
DA:27,354
DA:28,504
DA:29,864
DA:30,144
DA:31,288
DA:33,144
DA:34,116
DA:37,116
DA:38,116
DA:41,116
DA:42,96
DA:43,116
DA:44,86
DA:47,196
DA:50,456
DA:51,167
end_of_record
TN:
SF:/Users/Teme/Documents/GitHub/jayhorn-benchmarks/Environment.java
FN:65,MinePumpSystem.Environment_isLowWaterSensorDry
#FN:67
FN:28,MinePumpSystem.Environment_waterRise
#FN:37
FN:15,MinePumpSystem.Environment_lowerWaterLevel
#FN:24
FN:53,MinePumpSystem.Environment_toString
#FN:56
FN:60,MinePumpSystem.Environment_getWaterLevel
#FN:62
FN:47,MinePumpSystem.Environment_isMethaneLevelCritical
#FN:49
FN:69,MinePumpSystem.Environment_isHighWaterSensorDry
#FN:71
FN:41,MinePumpSystem.Environment_changeMethaneLevel
#FN:43
FNDA:124,MinePumpSystem.Environment_isHighWaterSensorDry
FNDA:314,MinePumpSystem.Environment_isMethaneLevelCritical
FNDA:58,MinePumpSystem.Environment_changeMethaneLevel
FNDA:44,MinePumpSystem.Environment_lowerWaterLevel
FNDA:72,MinePumpSystem.Environment_waterRise
DA:65,0
DA:66,0
DA:69,124
DA:70,124
DA:7,1
DA:11,1
DA:15,44
DA:16,44
DA:17,44
DA:18,23
DA:19,23
DA:20,21
DA:21,15
DA:22,15
DA:28,72
DA:29,72
DA:30,72
DA:31,0
DA:32,0
DA:33,72
DA:34,40
DA:35,40
DA:41,58
DA:42,116
DA:47,314
DA:48,314
DA:53,0
DA:55,0
DA:60,0
DA:61,0
end_of_record
TN:
SF:/Users/Teme/Documents/GitHub/jayhorn-benchmarks/MinePump.java
FN:88,MinePumpSystem.MinePump_isMethaneAlarm
#FN:90
FN:42,MinePumpSystem.MinePump_processEnvironment__wrappee__methaneQuery
#FN:49
FN:121,MinePumpSystem.MinePump_startSystem
#FN:124
FN:112,MinePumpSystem.MinePump_stopSystem
#FN:118
FN:82,MinePumpSystem.MinePump_deactivatePump
#FN:84
FN:77,MinePumpSystem.MinePump_isPumpRunning
#FN:79
FN:127,MinePumpSystem.MinePump_isSystemActive
#FN:129
FN:52,MinePumpSystem.MinePump_processEnvironment
#FN:58
FN:101,MinePumpSystem.MinePump_getEnv
#FN:103
FN:67,MinePumpSystem.MinePump_activatePump
#FN:73
FN:27,MinePumpSystem.MinePump_timeShift
#FN:32
FN:35,MinePumpSystem.MinePump_processEnvironment__wrappee__base
#FN:37
FN:94,MinePumpSystem.MinePump_toString
#FN:97
FN:20,MinePumpSystem.MinePump_MinePump_MinePumpSystem.Environment
#FN:23
FN:62,MinePumpSystem.MinePump_activatePump__wrappee__highWaterSensor
#FN:64
FN:107,MinePumpSystem.MinePump_isHighWaterLevel
#FN:109
FNDA:24,MinePumpSystem.MinePump_startSystem
FNDA:46,MinePumpSystem.MinePump_activatePump
FNDA:134,MinePumpSystem.MinePump_isPumpRunning
FNDA:124,MinePumpSystem.MinePump_processEnvironment__wrappee__base
FNDA:124,MinePumpSystem.MinePump_processEnvironment__wrappee__methaneQuery
FNDA:180,MinePumpSystem.MinePump_isMethaneAlarm
FNDA:20,MinePumpSystem.MinePump_deactivatePump
FNDA:134,MinePumpSystem.MinePump_processEnvironment
FNDA:134,MinePumpSystem.MinePump_getEnv
FNDA:186,MinePumpSystem.MinePump_timeShift
FNDA:34,MinePumpSystem.MinePump_stopSystem
FNDA:1,MinePumpSystem.MinePump_MinePump_MinePumpSystem.Environment
FNDA:302,MinePumpSystem.MinePump_isSystemActive
FNDA:16,MinePumpSystem.MinePump_activatePump__wrappee__highWaterSensor
FNDA:124,MinePumpSystem.MinePump_isHighWaterLevel
DA:128,302
DA:67,46
DA:68,184
DA:69,32
DA:8,1
DA:12,1
DA:77,134
DA:78,134
DA:16,1
DA:82,20
DA:83,20
DA:20,2
DA:21,1
DA:22,1
DA:88,180
DA:89,720
DA:27,186
DA:28,186
DA:29,88
DA:30,186
DA:94,0
DA:31,268
DA:96,0
DA:35,124
DA:101,134
DA:102,134
DA:42,124
DA:43,586
DA:107,124
DA:108,496
DA:44,92
DA:45,92
DA:47,156
DA:112,34
DA:113,34
DA:114,20
DA:52,134
DA:116,68
DA:53,580
DA:117,34
DA:54,20
DA:56,248
DA:121,24
DA:122,48
DA:123,24
DA:62,16
DA:63,16
DA:127,302
end_of_record
TN:
SF:/Users/Teme/Documents/GitHub/jayhorn-benchmarks/Actions.java
FN:50,Actions_getSystemState
#FN:52
FN:21,Actions_waterRise
#FN:23
FN:14,Actions_Actions
#FN:17
FN:55,Actions_Specification1
#FN:65
FN:30,Actions_stopSystem
#FN:33
FN:26,Actions_methaneChange
#FN:28
FN:41,Actions_timeShift
#FN:48
FN:36,Actions_startSystem
#FN:39
FNDA:58,Actions_stopSystem
FNDA:58,Actions_startSystem
FNDA:186,Actions_timeShift
FNDA:72,Actions_waterRise
FNDA:134,Actions_Specification1
FNDA:58,Actions_methaneChange
FNDA:1,Actions_Actions
DA:7,1
DA:8,1
DA:10,1
DA:11,1
DA:14,2
DA:15,2
DA:16,2
DA:21,72
DA:22,144
DA:26,58
DA:27,116
DA:30,58
DA:31,232
DA:32,68
DA:36,58
DA:37,232
DA:38,48
DA:41,186
DA:43,372
DA:45,744
DA:46,268
DA:50,0
DA:51,0
DA:55,134
DA:57,536
DA:59,804
DA:60,804
DA:62,200
DA:63,0
end_of_record
