TN:
SF:/Users/Teme/Documents/GitHub/jayhorn-benchmarks/Main.java
FN:10,Main_main_String[]
#FN:12
FN:14,Main_getBoolean
#FN:17
FN:20,Main_randomSequenceOfActions_int
#FN:53
FNDA:1,Main_main_String[]
FNDA:3,Main_getBoolean
FNDA:1,Main_randomSequenceOfActions_int
DA:8,1
DA:10,1
DA:11,1
DA:14,3
DA:15,9
DA:16,9
DA:20,1
DA:21,4
DA:23,1
DA:24,2
DA:25,1
DA:27,7
DA:28,7
DA:29,7
DA:30,1
DA:31,1
DA:33,1
DA:34,2
DA:37,1
DA:38,2
DA:41,1
DA:42,2
DA:43,0
DA:44,0
DA:47,1
DA:50,0
DA:51,0
end_of_record
TN:
SF:/Users/Teme/Documents/GitHub/jayhorn-benchmarks/Environment.java
FN:28,MinePumpSystem.Environment_waterRise
#FN:37
FN:47,MinePumpSystem.Environment_isMethaneLevelCritical
#FN:49
FN:69,MinePumpSystem.Environment_isHighWaterSensorDry
#FN:71
FN:53,MinePumpSystem.Environment_toString
#FN:56
FN:41,MinePumpSystem.Environment_changeMethaneLevel
#FN:43
FN:65,MinePumpSystem.Environment_isLowWaterSensorDry
#FN:67
FN:60,MinePumpSystem.Environment_getWaterLevel
#FN:62
FN:15,MinePumpSystem.Environment_lowerWaterLevel
#FN:24
FNDA:1,MinePumpSystem.Environment_isHighWaterSensorDry
FNDA:2,MinePumpSystem.Environment_isMethaneLevelCritical
FNDA:1,MinePumpSystem.Environment_changeMethaneLevel
FNDA:1,MinePumpSystem.Environment_waterRise
DA:65,0
DA:66,0
DA:69,1
DA:70,1
DA:7,1
DA:11,1
DA:15,0
DA:16,0
DA:17,0
DA:18,0
DA:19,0
DA:20,0
DA:21,0
DA:22,0
DA:28,1
DA:29,1
DA:30,1
DA:31,0
DA:32,0
DA:33,1
DA:34,1
DA:35,1
DA:41,1
DA:42,2
DA:47,2
DA:48,2
DA:53,0
DA:55,0
DA:60,0
DA:61,0
end_of_record
TN:
SF:/Users/Teme/Documents/GitHub/jayhorn-benchmarks/MinePump.java
FN:92,MinePumpSystem.MinePump_getEnv
#FN:94
FN:73,MinePumpSystem.MinePump_deactivatePump
#FN:75
FN:117,MinePumpSystem.MinePump_isSystemActive
#FN:119
FN:85,MinePumpSystem.MinePump_toString
#FN:88
FN:103,MinePumpSystem.MinePump_stopSystem
#FN:109
FN:20,MinePumpSystem.MinePump_MinePump_MinePumpSystem.Environment
#FN:23
FN:42,MinePumpSystem.MinePump_processEnvironment__wrappee__highWaterSensor
#FN:49
FN:112,MinePumpSystem.MinePump_startSystem
#FN:114
FN:79,MinePumpSystem.MinePump_isMethaneAlarm
#FN:81
FN:62,MinePumpSystem.MinePump_activatePump
#FN:64
FN:27,MinePumpSystem.MinePump_timeShift
#FN:32
FN:52,MinePumpSystem.MinePump_processEnvironment
#FN:58
FN:98,MinePumpSystem.MinePump_isHighWaterLevel
#FN:100
FN:68,MinePumpSystem.MinePump_isPumpRunning
#FN:70
FN:35,MinePumpSystem.MinePump_processEnvironment__wrappee__base
#FN:37
FNDA:1,MinePumpSystem.MinePump_processEnvironment
FNDA:1,MinePumpSystem.MinePump_getEnv
FNDA:1,MinePumpSystem.MinePump_activatePump
FNDA:1,MinePumpSystem.MinePump_isPumpRunning
FNDA:1,MinePumpSystem.MinePump_timeShift
FNDA:1,MinePumpSystem.MinePump_processEnvironment__wrappee__base
FNDA:1,MinePumpSystem.MinePump_MinePump_MinePumpSystem.Environment
FNDA:2,MinePumpSystem.MinePump_isSystemActive
FNDA:1,MinePumpSystem.MinePump_processEnvironment__wrappee__highWaterSensor
FNDA:1,MinePumpSystem.MinePump_isHighWaterLevel
FNDA:1,MinePumpSystem.MinePump_isMethaneAlarm
DA:68,1
DA:69,1
DA:8,1
DA:73,0
DA:74,0
DA:12,1
DA:79,1
DA:80,4
DA:16,1
DA:20,2
DA:21,1
DA:85,0
DA:22,1
DA:87,0
DA:27,1
DA:28,1
DA:92,1
DA:29,0
DA:93,1
DA:30,1
DA:31,2
DA:98,1
DA:99,4
DA:35,1
DA:103,0
DA:104,0
DA:105,0
DA:42,1
DA:43,5
DA:107,0
DA:44,2
DA:108,0
DA:45,2
DA:47,0
DA:112,0
DA:52,1
DA:53,4
DA:117,2
DA:54,0
DA:118,2
DA:56,2
DA:62,1
DA:63,1
end_of_record
TN:
SF:/Users/Teme/Documents/GitHub/jayhorn-benchmarks/Actions.java
FN:21,Actions_waterRise
#FN:23
FN:30,Actions_stopSystem
#FN:33
FN:26,Actions_methaneChange
#FN:28
FN:14,Actions_Actions
#FN:17
FN:36,Actions_startSystem
#FN:39
FN:50,Actions_getSystemState
#FN:52
FN:55,Actions_Specification1
#FN:65
FN:41,Actions_timeShift
#FN:48
FNDA:1,Actions_startSystem
FNDA:1,Actions_timeShift
FNDA:1,Actions_waterRise
FNDA:1,Actions_Specification1
FNDA:1,Actions_methaneChange
FNDA:1,Actions_Actions
DA:7,1
DA:8,1
DA:10,1
DA:11,1
DA:14,2
DA:15,2
DA:16,2
DA:21,1
DA:22,2
DA:26,1
DA:27,2
DA:30,0
DA:31,0
DA:32,0
DA:36,1
DA:37,4
DA:38,0
DA:41,1
DA:43,2
DA:45,4
DA:46,1
DA:50,0
DA:51,0
DA:55,1
DA:57,4
DA:59,6
DA:60,6
DA:62,2
DA:63,2
end_of_record
