TN:
SF:/Users/Teme/Documents/GitHub/jayhorn-benchmarks/Main.java
FN:14,Main_getBoolean
#FN:17
FN:20,Main_randomSequenceOfActions_int
#FN:53
FN:10,Main_main_String[]
#FN:12
FNDA:1,Main_main_String[]
FNDA:9,Main_getBoolean
FNDA:1,Main_randomSequenceOfActions_int
DA:8,1
DA:10,1
DA:11,1
DA:14,9
DA:15,27
DA:16,27
DA:20,1
DA:21,4
DA:23,1
DA:24,4
DA:25,3
DA:27,21
DA:28,21
DA:29,21
DA:30,3
DA:31,3
DA:33,3
DA:34,6
DA:37,3
DA:38,6
DA:41,3
DA:42,6
DA:43,0
DA:44,0
DA:47,5
DA:50,0
DA:51,0
end_of_record
TN:
SF:/Users/Teme/Documents/GitHub/jayhorn-benchmarks/Environment.java
FN:65,MinePumpSystem.Environment_isLowWaterSensorDry
#FN:67
FN:47,MinePumpSystem.Environment_isMethaneLevelCritical
#FN:49
FN:41,MinePumpSystem.Environment_changeMethaneLevel
#FN:43
FN:69,MinePumpSystem.Environment_isHighWaterSensorDry
#FN:71
FN:15,MinePumpSystem.Environment_lowerWaterLevel
#FN:24
FN:28,MinePumpSystem.Environment_waterRise
#FN:37
FN:53,MinePumpSystem.Environment_toString
#FN:56
FN:60,MinePumpSystem.Environment_getWaterLevel
#FN:62
FNDA:3,MinePumpSystem.Environment_isHighWaterSensorDry
FNDA:5,MinePumpSystem.Environment_isMethaneLevelCritical
FNDA:3,MinePumpSystem.Environment_changeMethaneLevel
FNDA:1,MinePumpSystem.Environment_lowerWaterLevel
FNDA:3,MinePumpSystem.Environment_waterRise
DA:65,0
DA:66,0
DA:69,3
DA:70,3
DA:7,1
DA:11,1
DA:15,1
DA:16,1
DA:17,1
DA:18,1
DA:19,1
DA:20,0
DA:21,0
DA:22,0
DA:28,3
DA:29,3
DA:30,3
DA:31,0
DA:32,0
DA:33,3
DA:34,1
DA:35,1
DA:41,3
DA:42,6
DA:47,5
DA:48,5
DA:53,0
DA:55,0
DA:60,0
DA:61,0
end_of_record
TN:
SF:/Users/Teme/Documents/GitHub/jayhorn-benchmarks/MinePump.java
FN:85,MinePumpSystem.MinePump_toString
#FN:88
FN:79,MinePumpSystem.MinePump_isMethaneAlarm
#FN:81
FN:53,MinePumpSystem.MinePump_activatePump__wrappee__highWaterSensor
#FN:55
FN:98,MinePumpSystem.MinePump_isHighWaterLevel
#FN:100
FN:42,MinePumpSystem.MinePump_processEnvironment
#FN:49
FN:58,MinePumpSystem.MinePump_activatePump
#FN:64
FN:92,MinePumpSystem.MinePump_getEnv
#FN:94
FN:108,MinePumpSystem.MinePump_startSystem
#FN:110
FN:27,MinePumpSystem.MinePump_timeShift
#FN:32
FN:113,MinePumpSystem.MinePump_isSystemActive
#FN:115
FN:103,MinePumpSystem.MinePump_stopSystem
#FN:105
FN:20,MinePumpSystem.MinePump_MinePump_MinePumpSystem.Environment
#FN:23
FN:73,MinePumpSystem.MinePump_deactivatePump
#FN:75
FN:35,MinePumpSystem.MinePump_processEnvironment__wrappee__base
#FN:37
FN:68,MinePumpSystem.MinePump_isPumpRunning
#FN:70
FNDA:3,MinePumpSystem.MinePump_processEnvironment
FNDA:3,MinePumpSystem.MinePump_getEnv
FNDA:2,MinePumpSystem.MinePump_activatePump
FNDA:3,MinePumpSystem.MinePump_isPumpRunning
FNDA:3,MinePumpSystem.MinePump_timeShift
FNDA:3,MinePumpSystem.MinePump_processEnvironment__wrappee__base
FNDA:1,MinePumpSystem.MinePump_MinePump_MinePumpSystem.Environment
FNDA:6,MinePumpSystem.MinePump_isSystemActive
FNDA:1,MinePumpSystem.MinePump_activatePump__wrappee__highWaterSensor
FNDA:3,MinePumpSystem.MinePump_isHighWaterLevel
FNDA:2,MinePumpSystem.MinePump_isMethaneAlarm
DA:68,3
DA:69,3
DA:8,1
DA:73,0
DA:74,0
DA:12,1
DA:79,2
DA:80,8
DA:16,1
DA:20,2
DA:21,1
DA:85,0
DA:22,1
DA:87,0
DA:27,3
DA:28,3
DA:92,3
DA:29,2
DA:93,3
DA:30,3
DA:31,6
DA:98,3
DA:99,12
DA:35,3
DA:103,0
DA:42,3
DA:43,14
DA:44,4
DA:108,0
DA:45,4
DA:47,2
DA:113,6
DA:114,6
DA:53,1
DA:54,1
DA:58,2
DA:59,8
DA:60,2
end_of_record
TN:
SF:/Users/Teme/Documents/GitHub/jayhorn-benchmarks/Actions.java
FN:41,Actions_timeShift
#FN:48
FN:30,Actions_stopSystem
#FN:33
FN:14,Actions_Actions
#FN:17
FN:26,Actions_methaneChange
#FN:28
FN:55,Actions_Specification1
#FN:65
FN:50,Actions_getSystemState
#FN:52
FN:21,Actions_waterRise
#FN:23
FN:36,Actions_startSystem
#FN:39
FNDA:3,Actions_startSystem
FNDA:3,Actions_timeShift
FNDA:3,Actions_waterRise
FNDA:3,Actions_Specification1
FNDA:3,Actions_methaneChange
FNDA:1,Actions_Actions
DA:7,1
DA:8,1
DA:10,1
DA:11,1
DA:14,2
DA:15,2
DA:16,2
DA:21,3
DA:22,6
DA:26,3
DA:27,6
DA:30,0
DA:31,0
DA:32,0
DA:36,3
DA:37,12
DA:38,0
DA:41,3
DA:43,6
DA:45,12
DA:46,5
DA:50,0
DA:51,0
DA:55,3
DA:57,12
DA:59,18
DA:60,18
DA:62,5
DA:63,2
end_of_record
